2025-07-15T00:03:14.949+05:30  INFO 39836 --- [RedisInstanceCleaner] redis.embedded.AbstractRedisInstance     : Stopping redis server...
2025-07-15T00:03:14.960+05:30  INFO 39836 --- [SpringApplicationShutdownHook] n.d.b.g.s.s.GrpcServerLifecycle          : Completed gRPC server shutdown
2025-07-15T00:03:15.038+05:30  INFO 39836 --- [RedisInstanceCleaner] redis.embedded.AbstractRedisInstance     : Redis exited
2025-07-15T00:03:15.480+05:30 DEBUG 39836 --- [main] o.s.w.r.f.client.ExchangeFunctions       : [4cce421e] HTTP POST /carts/1/items
2025-07-15T00:03:15.503+05:30 DEBUG 39836 --- [parallel-6] org.springframework.web.HttpLogging      : [4cce421e] Encoding [CartItem(id=null, cartId=null, productId=101, quantity=2)]
2025-07-15T00:03:15.511+05:30 DEBUG 39836 --- [parallel-6] o.s.w.s.adapter.HttpWebHandlerAdapter    : [aebb264] HTTP POST "/carts/1/items"
2025-07-15T00:03:15.518+05:30 DEBUG 39836 --- [parallel-6] o.s.w.r.f.s.s.RouterFunctionMapping      : [aebb264] Mapped to com.evolve.route.CartItemRouter$$Lambda/0x0000721008609ae8@303b8d68
2025-07-15T00:03:15.537+05:30 DEBUG 39836 --- [parallel-6] org.springframework.web.HttpLogging      : [aebb264] Decoded [CartItem(id=null, cartId=null, productId=101, quantity=2)]
2025-07-15T00:03:15.544+05:30 DEBUG 39836 --- [parallel-6] org.springframework.web.HttpLogging      : [aebb264] Encoding [CartItem(id=1, cartId=1, productId=101, quantity=2)]
2025-07-15T00:03:15.545+05:30 DEBUG 39836 --- [parallel-6] o.s.w.s.adapter.HttpWebHandlerAdapter    : [aebb264] Completed 200 OK
2025-07-15T00:03:15.547+05:30 DEBUG 39836 --- [parallel-6] o.s.w.r.f.client.ExchangeFunctions       : [4cce421e] [338db8df] Response 200 OK
2025-07-15T00:03:15.552+05:30 DEBUG 39836 --- [main] org.springframework.web.HttpLogging      : [4cce421e] [338db8df] Decoded [CartItem(id=1, cartId=1, productId=101, quantity=2)]
2025-07-15T00:03:15.593+05:30 DEBUG 39836 --- [main] o.s.w.r.f.client.ExchangeFunctions       : [685e97e0] HTTP GET /carts/2/items
2025-07-15T00:03:15.594+05:30 DEBUG 39836 --- [parallel-7] o.s.w.s.adapter.HttpWebHandlerAdapter    : [de964f] HTTP GET "/carts/2/items"
2025-07-15T00:03:15.595+05:30 DEBUG 39836 --- [parallel-7] o.s.w.r.f.s.s.RouterFunctionMapping      : [de964f] Mapped to com.evolve.route.CartItemRouter$$Lambda/0x00007210086098d0@a26fd3f
2025-07-15T00:03:15.620+05:30 DEBUG 39836 --- [parallel-7] org.springframework.web.HttpLogging      : [de964f] Resolved [RuntimeException: Product not found: 200] for HTTP GET /carts/2/items
2025-07-15T00:03:15.620+05:30 ERROR 39836 --- [parallel-7] a.w.r.e.AbstractErrorWebExceptionHandler : [de964f]  500 Server Error for HTTP GET "/carts/2/items"

java.lang.RuntimeException: Product not found: 200
	at com.evolve.handler.CartItemHandler.lambda$list$1(CartItemHandler.java:31) ~[classes/:na]
	Suppressed: reactor.core.publisher.FluxOnAssembly$OnAssemblyException: 
Error has been observed at the following site(s):
	*__checkpoint ⇢ Handler com.evolve.route.CartItemRouter$$Lambda/0x00007210086098d0@a26fd3f [DispatcherHandler]
	*__checkpoint ⇢ HTTP GET "/carts/2/items" [ExceptionHandlingWebHandler]
Original Stack Trace:
		at com.evolve.handler.CartItemHandler.lambda$list$1(CartItemHandler.java:31) ~[classes/:na]
		at reactor.core.publisher.FluxFlatMap$FlatMapMain.onNext(FluxFlatMap.java:388) ~[reactor-core-3.6.6.jar:3.6.6]
		at reactor.core.publisher.FluxUsingWhen$UsingWhenSubscriber.onNext(FluxUsingWhen.java:348) ~[reactor-core-3.6.6.jar:3.6.6]
		at reactor.core.publisher.FluxConcatMapNoPrefetch$FluxConcatMapNoPrefetchSubscriber.innerNext(FluxConcatMapNoPrefetch.java:259) ~[reactor-core-3.6.6.jar:3.6.6]
		at reactor.core.publisher.FluxConcatMap$ConcatMapInner.onNext(FluxConcatMap.java:865) ~[reactor-core-3.6.6.jar:3.6.6]
		at reactor.core.publisher.FluxConcatMap$WeakScalarSubscription.request(FluxConcatMap.java:480) ~[reactor-core-3.6.6.jar:3.6.6]
		at reactor.core.publisher.Operators$MultiSubscriptionSubscriber.set(Operators.java:2367) ~[reactor-core-3.6.6.jar:3.6.6]
		at reactor.core.publisher.FluxConcatMapNoPrefetch$FluxConcatMapNoPrefetchSubscriber.onNext(FluxConcatMapNoPrefetch.java:202) ~[reactor-core-3.6.6.jar:3.6.6]
		at reactor.core.publisher.FluxOnErrorResume$ResumeSubscriber.onNext(FluxOnErrorResume.java:79) ~[reactor-core-3.6.6.jar:3.6.6]
		at reactor.core.publisher.FluxUsingWhen$UsingWhenSubscriber.onNext(FluxUsingWhen.java:348) ~[reactor-core-3.6.6.jar:3.6.6]
		at reactor.core.publisher.FluxFlatMap$FlatMapMain.tryEmit(FluxFlatMap.java:547) ~[reactor-core-3.6.6.jar:3.6.6]
		at reactor.core.publisher.FluxFlatMap$FlatMapInner.onNext(FluxFlatMap.java:988) ~[reactor-core-3.6.6.jar:3.6.6]
		at reactor.core.publisher.FluxMap$MapSubscriber.onNext(FluxMap.java:122) ~[reactor-core-3.6.6.jar:3.6.6]
		at reactor.core.publisher.FluxOnErrorResume$ResumeSubscriber.onNext(FluxOnErrorResume.java:79) ~[reactor-core-3.6.6.jar:3.6.6]
		at reactor.core.publisher.FluxMapFuseable$MapFuseableSubscriber.onNext(FluxMapFuseable.java:129) ~[reactor-core-3.6.6.jar:3.6.6]
		at reactor.core.publisher.FluxIterable$IterableSubscription.slowPath(FluxIterable.java:335) ~[reactor-core-3.6.6.jar:3.6.6]
		at reactor.core.publisher.FluxIterable$IterableSubscription.request(FluxIterable.java:294) ~[reactor-core-3.6.6.jar:3.6.6]
		at reactor.core.publisher.FluxMapFuseable$MapFuseableSubscriber.request(FluxMapFuseable.java:171) ~[reactor-core-3.6.6.jar:3.6.6]
		at reactor.core.publisher.Operators$MultiSubscriptionSubscriber.set(Operators.java:2367) ~[reactor-core-3.6.6.jar:3.6.6]
		at reactor.core.publisher.FluxOnErrorResume$ResumeSubscriber.onSubscribe(FluxOnErrorResume.java:74) ~[reactor-core-3.6.6.jar:3.6.6]
		at reactor.core.publisher.FluxMapFuseable$MapFuseableSubscriber.onSubscribe(FluxMapFuseable.java:96) ~[reactor-core-3.6.6.jar:3.6.6]
		at reactor.core.publisher.FluxIterable.subscribe(FluxIterable.java:201) ~[reactor-core-3.6.6.jar:3.6.6]
		at reactor.core.publisher.FluxIterable.subscribe(FluxIterable.java:83) ~[reactor-core-3.6.6.jar:3.6.6]
		at reactor.core.publisher.Flux.subscribe(Flux.java:8840) ~[reactor-core-3.6.6.jar:3.6.6]
		at reactor.core.publisher.FluxFlatMap$FlatMapMain.onNext(FluxFlatMap.java:430) ~[reactor-core-3.6.6.jar:3.6.6]
		at reactor.core.publisher.FluxMap$MapSubscriber.onNext(FluxMap.java:122) ~[reactor-core-3.6.6.jar:3.6.6]
		at reactor.core.publisher.FluxMapFuseable$MapFuseableSubscriber.onNext(FluxMapFuseable.java:129) ~[reactor-core-3.6.6.jar:3.6.6]
		at reactor.core.publisher.FluxIterable$IterableSubscription.slowPath(FluxIterable.java:335) ~[reactor-core-3.6.6.jar:3.6.6]
		at reactor.core.publisher.FluxIterable$IterableSubscription.request(FluxIterable.java:294) ~[reactor-core-3.6.6.jar:3.6.6]
		at reactor.core.publisher.FluxMapFuseable$MapFuseableSubscriber.request(FluxMapFuseable.java:171) ~[reactor-core-3.6.6.jar:3.6.6]
		at reactor.core.publisher.FluxMap$MapSubscriber.request(FluxMap.java:164) ~[reactor-core-3.6.6.jar:3.6.6]
		at reactor.core.publisher.FluxFlatMap$FlatMapMain.onSubscribe(FluxFlatMap.java:373) ~[reactor-core-3.6.6.jar:3.6.6]
		at reactor.core.publisher.FluxMap$MapSubscriber.onSubscribe(FluxMap.java:92) ~[reactor-core-3.6.6.jar:3.6.6]
		at reactor.core.publisher.FluxMapFuseable$MapFuseableSubscriber.onSubscribe(FluxMapFuseable.java:96) ~[reactor-core-3.6.6.jar:3.6.6]
		at reactor.core.publisher.FluxIterable.subscribe(FluxIterable.java:201) ~[reactor-core-3.6.6.jar:3.6.6]
		at reactor.core.publisher.FluxIterable.subscribe(FluxIterable.java:83) ~[reactor-core-3.6.6.jar:3.6.6]
		at reactor.core.publisher.Flux.subscribe(Flux.java:8840) ~[reactor-core-3.6.6.jar:3.6.6]
		at reactor.core.publisher.FluxFlatMap.trySubscribeScalarMap(FluxFlatMap.java:202) ~[reactor-core-3.6.6.jar:3.6.6]
		at reactor.core.publisher.FluxFlatMap.subscribeOrReturn(FluxFlatMap.java:94) ~[reactor-core-3.6.6.jar:3.6.6]
		at reactor.core.publisher.Flux.subscribe(Flux.java:8825) ~[reactor-core-3.6.6.jar:3.6.6]
		at reactor.core.publisher.FluxUsingWhen$ResourceSubscriber.onNext(FluxUsingWhen.java:198) ~[reactor-core-3.6.6.jar:3.6.6]
		at reactor.core.publisher.FluxMap$MapSubscriber.onNext(FluxMap.java:122) ~[reactor-core-3.6.6.jar:3.6.6]
		at reactor.core.publisher.FluxOnErrorResume$ResumeSubscriber.onNext(FluxOnErrorResume.java:79) ~[reactor-core-3.6.6.jar:3.6.6]
		at reactor.core.publisher.FluxOnErrorResume$ResumeSubscriber.onNext(FluxOnErrorResume.java:79) ~[reactor-core-3.6.6.jar:3.6.6]
		at reactor.core.publisher.FluxRetry$RetrySubscriber.onNext(FluxRetry.java:88) ~[reactor-core-3.6.6.jar:3.6.6]
		at reactor.core.publisher.MonoFlatMap$FlatMapMain.secondComplete(MonoFlatMap.java:245) ~[reactor-core-3.6.6.jar:3.6.6]
		at reactor.core.publisher.MonoFlatMap$FlatMapInner.onNext(MonoFlatMap.java:305) ~[reactor-core-3.6.6.jar:3.6.6]
		at io.r2dbc.pool.MonoDiscardOnCancel$MonoDiscardOnCancelSubscriber.onNext(MonoDiscardOnCancel.java:92) ~[r2dbc-pool-1.0.1.RELEASE.jar:1.0.1.RELEASE]
		at reactor.core.publisher.FluxOnErrorResume$ResumeSubscriber.onNext(FluxOnErrorResume.java:79) ~[reactor-core-3.6.6.jar:3.6.6]
		at reactor.core.publisher.MonoIgnoreThen$ThenIgnoreMain.complete(MonoIgnoreThen.java:294) ~[reactor-core-3.6.6.jar:3.6.6]
		at reactor.core.publisher.MonoIgnoreThen$ThenIgnoreMain.onNext(MonoIgnoreThen.java:188) ~[reactor-core-3.6.6.jar:3.6.6]
		at reactor.core.publisher.MonoIgnoreThen$ThenIgnoreMain.subscribeNext(MonoIgnoreThen.java:237) ~[reactor-core-3.6.6.jar:3.6.6]
		at reactor.core.publisher.MonoIgnoreThen$ThenIgnoreMain.onComplete(MonoIgnoreThen.java:204) ~[reactor-core-3.6.6.jar:3.6.6]
		at reactor.core.publisher.MonoIgnoreElements$IgnoreElementsSubscriber.onComplete(MonoIgnoreElements.java:89) ~[reactor-core-3.6.6.jar:3.6.6]
		at reactor.core.publisher.FluxHandle$HandleSubscriber.onComplete(FluxHandle.java:223) ~[reactor-core-3.6.6.jar:3.6.6]
		at reactor.core.publisher.FluxSwitchIfEmpty$SwitchIfEmptySubscriber.onComplete(FluxSwitchIfEmpty.java:85) ~[reactor-core-3.6.6.jar:3.6.6]
		at reactor.core.publisher.MonoCallable$MonoCallableSubscription.request(MonoCallable.java:159) ~[reactor-core-3.6.6.jar:3.6.6]
		at reactor.core.publisher.Operators$MultiSubscriptionSubscriber.set(Operators.java:2367) ~[reactor-core-3.6.6.jar:3.6.6]
		at reactor.core.publisher.Operators$MultiSubscriptionSubscriber.onSubscribe(Operators.java:2241) ~[reactor-core-3.6.6.jar:3.6.6]
		at reactor.core.publisher.MonoCallable.subscribe(MonoCallable.java:48) ~[reactor-core-3.6.6.jar:3.6.6]
		at reactor.core.publisher.Mono.subscribe(Mono.java:4568) ~[reactor-core-3.6.6.jar:3.6.6]
		at reactor.core.publisher.MonoIgnoreThen$ThenIgnoreMain.subscribeNext(MonoIgnoreThen.java:265) ~[reactor-core-3.6.6.jar:3.6.6]
		at reactor.core.publisher.MonoIgnoreThen.subscribe(MonoIgnoreThen.java:51) ~[reactor-core-3.6.6.jar:3.6.6]
		at reactor.core.publisher.InternalMonoOperator.subscribe(InternalMonoOperator.java:76) ~[reactor-core-3.6.6.jar:3.6.6]
		at io.r2dbc.pool.MonoDiscardOnCancel.subscribe(MonoDiscardOnCancel.java:50) ~[r2dbc-pool-1.0.1.RELEASE.jar:1.0.1.RELEASE]
		at reactor.core.publisher.MonoFlatMap$FlatMapMain.onNext(MonoFlatMap.java:165) ~[reactor-core-3.6.6.jar:3.6.6]
		at reactor.pool.AbstractPool$Borrower.deliver(AbstractPool.java:480) ~[reactor-pool-1.0.5.jar:1.0.5]
		at reactor.pool.SimpleDequePool.lambda$drainLoop$8(SimpleDequePool.java:375) ~[reactor-pool-1.0.5.jar:1.0.5]
		at reactor.core.scheduler.ImmediateScheduler.schedule(ImmediateScheduler.java:52) ~[reactor-core-3.6.6.jar:3.6.6]
		at reactor.pool.SimpleDequePool.drainLoop(SimpleDequePool.java:375) ~[reactor-pool-1.0.5.jar:1.0.5]
		at reactor.pool.SimpleDequePool.pendingOffer(SimpleDequePool.java:607) ~[reactor-pool-1.0.5.jar:1.0.5]
		at reactor.pool.SimpleDequePool.doAcquire(SimpleDequePool.java:301) ~[reactor-pool-1.0.5.jar:1.0.5]
		at reactor.pool.AbstractPool$Borrower.request(AbstractPool.java:436) ~[reactor-pool-1.0.5.jar:1.0.5]
		at reactor.core.publisher.MonoFlatMap$FlatMapMain.request(MonoFlatMap.java:194) ~[reactor-core-3.6.6.jar:3.6.6]
		at reactor.core.publisher.Operators$MultiSubscriptionSubscriber.set(Operators.java:2367) ~[reactor-core-3.6.6.jar:3.6.6]
		at reactor.core.publisher.Operators$MultiSubscriptionSubscriber.onSubscribe(Operators.java:2241) ~[reactor-core-3.6.6.jar:3.6.6]
		at reactor.core.publisher.MonoFlatMap$FlatMapMain.onSubscribe(MonoFlatMap.java:117) ~[reactor-core-3.6.6.jar:3.6.6]
		at reactor.pool.SimpleDequePool$QueueBorrowerMono.subscribe(SimpleDequePool.java:725) ~[reactor-pool-1.0.5.jar:1.0.5]
		at reactor.core.publisher.InternalMonoOperator.subscribe(InternalMonoOperator.java:76) ~[reactor-core-3.6.6.jar:3.6.6]
		at reactor.core.publisher.MonoDefer.subscribe(MonoDefer.java:53) ~[reactor-core-3.6.6.jar:3.6.6]
		at reactor.core.publisher.FluxRetry$RetrySubscriber.resubscribe(FluxRetry.java:120) ~[reactor-core-3.6.6.jar:3.6.6]
		at reactor.core.publisher.MonoRetry.subscribeOrReturn(MonoRetry.java:50) ~[reactor-core-3.6.6.jar:3.6.6]
		at reactor.core.publisher.Mono.subscribe(Mono.java:4552) ~[reactor-core-3.6.6.jar:3.6.6]
		at reactor.core.publisher.FluxOnErrorResume$ResumeSubscriber.onError(FluxOnErrorResume.java:103) ~[reactor-core-3.6.6.jar:3.6.6]
		at reactor.core.publisher.MonoFlatMap$FlatMapMain.onError(MonoFlatMap.java:180) ~[reactor-core-3.6.6.jar:3.6.6]
		at reactor.core.publisher.FluxMap$MapSubscriber.onError(FluxMap.java:134) ~[reactor-core-3.6.6.jar:3.6.6]
		at reactor.core.publisher.Operators.error(Operators.java:198) ~[reactor-core-3.6.6.jar:3.6.6]
		at reactor.core.publisher.MonoError.subscribe(MonoError.java:53) ~[reactor-core-3.6.6.jar:3.6.6]
		at reactor.core.publisher.MonoDeferContextual.subscribe(MonoDeferContextual.java:55) ~[reactor-core-3.6.6.jar:3.6.6]
		at reactor.core.publisher.Mono.subscribe(Mono.java:4568) ~[reactor-core-3.6.6.jar:3.6.6]
		at reactor.core.publisher.FluxUsingWhen.subscribe(FluxUsingWhen.java:105) ~[reactor-core-3.6.6.jar:3.6.6]
		at reactor.core.publisher.Flux.subscribe(Flux.java:8840) ~[reactor-core-3.6.6.jar:3.6.6]
		at reactor.core.publisher.FluxFlatMap.trySubscribeScalarMap(FluxFlatMap.java:202) ~[reactor-core-3.6.6.jar:3.6.6]
		at reactor.core.publisher.MonoFlatMapMany.subscribeOrReturn(MonoFlatMapMany.java:49) ~[reactor-core-3.6.6.jar:3.6.6]
		at reactor.core.publisher.Flux.subscribe(Flux.java:8825) ~[reactor-core-3.6.6.jar:3.6.6]
		at reactor.core.publisher.FluxFlatMap.trySubscribeScalarMap(FluxFlatMap.java:202) ~[reactor-core-3.6.6.jar:3.6.6]
		at reactor.core.publisher.MonoFlatMapMany.subscribeOrReturn(MonoFlatMapMany.java:49) ~[reactor-core-3.6.6.jar:3.6.6]
		at reactor.core.publisher.Flux.subscribe(Flux.java:8825) ~[reactor-core-3.6.6.jar:3.6.6]
		at reactor.core.publisher.FluxUsingWhen.subscribe(FluxUsingWhen.java:94) ~[reactor-core-3.6.6.jar:3.6.6]
		at reactor.core.publisher.Flux.subscribe(Flux.java:8840) ~[reactor-core-3.6.6.jar:3.6.6]
		at reactor.core.publisher.FluxConcatArray$ConcatArraySubscriber.onComplete(FluxConcatArray.java:238) ~[reactor-core-3.6.6.jar:3.6.6]
		at reactor.core.publisher.FluxConcatArray.subscribe(FluxConcatArray.java:79) ~[reactor-core-3.6.6.jar:3.6.6]
		at reactor.core.publisher.InternalFluxOperator.subscribe(InternalFluxOperator.java:68) ~[reactor-core-3.6.6.jar:3.6.6]
		at reactor.core.publisher.FluxDeferContextual.subscribe(FluxDeferContextual.java:57) ~[reactor-core-3.6.6.jar:3.6.6]
		at reactor.core.publisher.InternalFluxOperator.subscribe(InternalFluxOperator.java:68) ~[reactor-core-3.6.6.jar:3.6.6]
		at org.springframework.http.server.reactive.ChannelSendOperator.subscribe(ChannelSendOperator.java:77) ~[spring-web-6.1.8.jar:6.1.8]
		at reactor.core.publisher.InternalMonoOperator.subscribe(InternalMonoOperator.java:76) ~[reactor-core-3.6.6.jar:3.6.6]
		at reactor.core.publisher.MonoFlatMap$FlatMapMain.onNext(MonoFlatMap.java:165) ~[reactor-core-3.6.6.jar:3.6.6]
		at reactor.core.publisher.FluxOnErrorResume$ResumeSubscriber.onNext(FluxOnErrorResume.java:79) ~[reactor-core-3.6.6.jar:3.6.6]
		at reactor.core.publisher.FluxMap$MapSubscriber.onNext(FluxMap.java:122) ~[reactor-core-3.6.6.jar:3.6.6]
		at reactor.core.publisher.FluxOnErrorResume$ResumeSubscriber.onNext(FluxOnErrorResume.java:79) ~[reactor-core-3.6.6.jar:3.6.6]
		at reactor.core.publisher.FluxMapFuseable$MapFuseableSubscriber.onNext(FluxMapFuseable.java:129) ~[reactor-core-3.6.6.jar:3.6.6]
		at reactor.core.publisher.Operators$ScalarSubscription.request(Operators.java:2571) ~[reactor-core-3.6.6.jar:3.6.6]
		at reactor.core.publisher.FluxMapFuseable$MapFuseableSubscriber.request(FluxMapFuseable.java:171) ~[reactor-core-3.6.6.jar:3.6.6]
		at reactor.core.publisher.Operators$MultiSubscriptionSubscriber.set(Operators.java:2367) ~[reactor-core-3.6.6.jar:3.6.6]
		at reactor.core.publisher.FluxOnErrorResume$ResumeSubscriber.onSubscribe(FluxOnErrorResume.java:74) ~[reactor-core-3.6.6.jar:3.6.6]
		at reactor.core.publisher.FluxMapFuseable$MapFuseableSubscriber.onSubscribe(FluxMapFuseable.java:96) ~[reactor-core-3.6.6.jar:3.6.6]
		at reactor.core.publisher.MonoJust.subscribe(MonoJust.java:55) ~[reactor-core-3.6.6.jar:3.6.6]
		at reactor.core.publisher.InternalMonoOperator.subscribe(InternalMonoOperator.java:76) ~[reactor-core-3.6.6.jar:3.6.6]
		at reactor.core.publisher.MonoFlatMap$FlatMapMain.onNext(MonoFlatMap.java:165) ~[reactor-core-3.6.6.jar:3.6.6]
		at reactor.core.publisher.FluxOnErrorResume$ResumeSubscriber.onNext(FluxOnErrorResume.java:79) ~[reactor-core-3.6.6.jar:3.6.6]
		at reactor.core.publisher.FluxSwitchIfEmpty$SwitchIfEmptySubscriber.onNext(FluxSwitchIfEmpty.java:74) ~[reactor-core-3.6.6.jar:3.6.6]
		at reactor.core.publisher.MonoNext$NextSubscriber.onNext(MonoNext.java:82) ~[reactor-core-3.6.6.jar:3.6.6]
		at reactor.core.publisher.FluxConcatMapNoPrefetch$FluxConcatMapNoPrefetchSubscriber.innerNext(FluxConcatMapNoPrefetch.java:259) ~[reactor-core-3.6.6.jar:3.6.6]
		at reactor.core.publisher.FluxConcatMap$ConcatMapInner.onNext(FluxConcatMap.java:865) ~[reactor-core-3.6.6.jar:3.6.6]
		at reactor.core.publisher.FluxMap$MapSubscriber.onNext(FluxMap.java:122) ~[reactor-core-3.6.6.jar:3.6.6]
		at reactor.core.publisher.FluxPeek$PeekSubscriber.onNext(FluxPeek.java:200) ~[reactor-core-3.6.6.jar:3.6.6]
		at reactor.core.publisher.FluxMap$MapSubscriber.onNext(FluxMap.java:122) ~[reactor-core-3.6.6.jar:3.6.6]
		at reactor.core.publisher.MonoNext$NextSubscriber.onNext(MonoNext.java:82) ~[reactor-core-3.6.6.jar:3.6.6]
		at reactor.core.publisher.FluxConcatArray$ConcatArraySubscriber.onNext(FluxConcatArray.java:180) ~[reactor-core-3.6.6.jar:3.6.6]
		at reactor.core.publisher.FluxMap$MapSubscriber.onNext(FluxMap.java:122) ~[reactor-core-3.6.6.jar:3.6.6]
		at reactor.core.publisher.MonoNext$NextSubscriber.onNext(MonoNext.java:82) ~[reactor-core-3.6.6.jar:3.6.6]
		at reactor.core.publisher.FluxConcatArray$ConcatArraySubscriber.onNext(FluxConcatArray.java:180) ~[reactor-core-3.6.6.jar:3.6.6]
		at reactor.core.publisher.FluxMap$MapSubscriber.onNext(FluxMap.java:122) ~[reactor-core-3.6.6.jar:3.6.6]
		at reactor.core.publisher.MonoNext$NextSubscriber.onNext(MonoNext.java:82) ~[reactor-core-3.6.6.jar:3.6.6]
		at reactor.core.publisher.FluxConcatArray$ConcatArraySubscriber.onNext(FluxConcatArray.java:180) ~[reactor-core-3.6.6.jar:3.6.6]
		at reactor.core.publisher.FluxMap$MapSubscriber.onNext(FluxMap.java:122) ~[reactor-core-3.6.6.jar:3.6.6]
		at reactor.core.publisher.MonoNext$NextSubscriber.onNext(MonoNext.java:82) ~[reactor-core-3.6.6.jar:3.6.6]
		at reactor.core.publisher.FluxConcatArray$ConcatArraySubscriber.onNext(FluxConcatArray.java:180) ~[reactor-core-3.6.6.jar:3.6.6]
		at reactor.core.publisher.FluxMap$MapSubscriber.onNext(FluxMap.java:122) ~[reactor-core-3.6.6.jar:3.6.6]
		at reactor.core.publisher.MonoNext$NextSubscriber.onNext(MonoNext.java:82) ~[reactor-core-3.6.6.jar:3.6.6]
		at reactor.core.publisher.FluxConcatArray$ConcatArraySubscriber.onNext(FluxConcatArray.java:180) ~[reactor-core-3.6.6.jar:3.6.6]
		at reactor.core.publisher.MonoNext$NextSubscriber.onNext(MonoNext.java:82) ~[reactor-core-3.6.6.jar:3.6.6]
		at reactor.core.publisher.FluxConcatArray$ConcatArraySubscriber.onNext(FluxConcatArray.java:180) ~[reactor-core-3.6.6.jar:3.6.6]
		at reactor.core.publisher.MonoNext$NextSubscriber.onNext(MonoNext.java:82) ~[reactor-core-3.6.6.jar:3.6.6]
		at reactor.core.publisher.FluxConcatArray$ConcatArraySubscriber.onNext(FluxConcatArray.java:180) ~[reactor-core-3.6.6.jar:3.6.6]
		at reactor.core.publisher.Operators$ScalarSubscription.request(Operators.java:2571) ~[reactor-core-3.6.6.jar:3.6.6]
		at reactor.core.publisher.FluxConcatArray$ConcatArraySubscriber.request(FluxConcatArray.java:256) ~[reactor-core-3.6.6.jar:3.6.6]
		at reactor.core.publisher.MonoNext$NextSubscriber.request(MonoNext.java:108) ~[reactor-core-3.6.6.jar:3.6.6]
		at reactor.core.publisher.FluxConcatArray$ConcatArraySubscriber.request(FluxConcatArray.java:256) ~[reactor-core-3.6.6.jar:3.6.6]
		at reactor.core.publisher.MonoNext$NextSubscriber.request(MonoNext.java:108) ~[reactor-core-3.6.6.jar:3.6.6]
		at reactor.core.publisher.FluxConcatArray$ConcatArraySubscriber.request(FluxConcatArray.java:256) ~[reactor-core-3.6.6.jar:3.6.6]
		at reactor.core.publisher.MonoNext$NextSubscriber.request(MonoNext.java:108) ~[reactor-core-3.6.6.jar:3.6.6]
		at reactor.core.publisher.FluxMap$MapSubscriber.request(FluxMap.java:164) ~[reactor-core-3.6.6.jar:3.6.6]
		at reactor.core.publisher.FluxConcatArray$ConcatArraySubscriber.request(FluxConcatArray.java:256) ~[reactor-core-3.6.6.jar:3.6.6]
		at reactor.core.publisher.MonoNext$NextSubscriber.request(MonoNext.java:108) ~[reactor-core-3.6.6.jar:3.6.6]
		at reactor.core.publisher.FluxMap$MapSubscriber.request(FluxMap.java:164) ~[reactor-core-3.6.6.jar:3.6.6]
		at reactor.core.publisher.FluxConcatArray$ConcatArraySubscriber.request(FluxConcatArray.java:256) ~[reactor-core-3.6.6.jar:3.6.6]
		at reactor.core.publisher.MonoNext$NextSubscriber.request(MonoNext.java:108) ~[reactor-core-3.6.6.jar:3.6.6]
		at reactor.core.publisher.FluxMap$MapSubscriber.request(FluxMap.java:164) ~[reactor-core-3.6.6.jar:3.6.6]
		at reactor.core.publisher.FluxConcatArray$ConcatArraySubscriber.request(FluxConcatArray.java:256) ~[reactor-core-3.6.6.jar:3.6.6]
		at reactor.core.publisher.MonoNext$NextSubscriber.request(MonoNext.java:108) ~[reactor-core-3.6.6.jar:3.6.6]
		at reactor.core.publisher.FluxMap$MapSubscriber.request(FluxMap.java:164) ~[reactor-core-3.6.6.jar:3.6.6]
		at reactor.core.publisher.FluxConcatArray$ConcatArraySubscriber.request(FluxConcatArray.java:256) ~[reactor-core-3.6.6.jar:3.6.6]
		at reactor.core.publisher.MonoNext$NextSubscriber.request(MonoNext.java:108) ~[reactor-core-3.6.6.jar:3.6.6]
		at reactor.core.publisher.FluxMap$MapSubscriber.request(FluxMap.java:164) ~[reactor-core-3.6.6.jar:3.6.6]
		at reactor.core.publisher.FluxPeek$PeekSubscriber.request(FluxPeek.java:138) ~[reactor-core-3.6.6.jar:3.6.6]
		at reactor.core.publisher.FluxMap$MapSubscriber.request(FluxMap.java:164) ~[reactor-core-3.6.6.jar:3.6.6]
		at reactor.core.publisher.Operators$MultiSubscriptionSubscriber.request(Operators.java:2331) ~[reactor-core-3.6.6.jar:3.6.6]
		at reactor.core.publisher.FluxConcatMapNoPrefetch$FluxConcatMapNoPrefetchSubscriber.request(FluxConcatMapNoPrefetch.java:339) ~[reactor-core-3.6.6.jar:3.6.6]
		at reactor.core.publisher.MonoNext$NextSubscriber.request(MonoNext.java:108) ~[reactor-core-3.6.6.jar:3.6.6]
		at reactor.core.publisher.Operators$MultiSubscriptionSubscriber.set(Operators.java:2367) ~[reactor-core-3.6.6.jar:3.6.6]
		at reactor.core.publisher.Operators$MultiSubscriptionSubscriber.onSubscribe(Operators.java:2241) ~[reactor-core-3.6.6.jar:3.6.6]
		at reactor.core.publisher.MonoNext$NextSubscriber.onSubscribe(MonoNext.java:70) ~[reactor-core-3.6.6.jar:3.6.6]
		at reactor.core.publisher.FluxConcatMapNoPrefetch$FluxConcatMapNoPrefetchSubscriber.onSubscribe(FluxConcatMapNoPrefetch.java:164) ~[reactor-core-3.6.6.jar:3.6.6]
		at reactor.core.publisher.FluxIterable.subscribe(FluxIterable.java:201) ~[reactor-core-3.6.6.jar:3.6.6]
		at reactor.core.publisher.FluxIterable.subscribe(FluxIterable.java:83) ~[reactor-core-3.6.6.jar:3.6.6]
		at reactor.core.publisher.InternalMonoOperator.subscribe(InternalMonoOperator.java:76) ~[reactor-core-3.6.6.jar:3.6.6]
		at reactor.core.publisher.MonoDefer.subscribe(MonoDefer.java:53) ~[reactor-core-3.6.6.jar:3.6.6]
		at reactor.core.publisher.Mono.subscribe(Mono.java:4568) ~[reactor-core-3.6.6.jar:3.6.6]
		at reactor.core.publisher.MonoIgnoreThen$ThenIgnoreMain.subscribeNext(MonoIgnoreThen.java:265) ~[reactor-core-3.6.6.jar:3.6.6]
		at reactor.core.publisher.MonoIgnoreThen.subscribe(MonoIgnoreThen.java:51) ~[reactor-core-3.6.6.jar:3.6.6]
		at reactor.core.publisher.Mono.subscribe(Mono.java:4568) ~[reactor-core-3.6.6.jar:3.6.6]
		at reactor.core.publisher.Mono.subscribeWith(Mono.java:4634) ~[reactor-core-3.6.6.jar:3.6.6]
		at reactor.core.publisher.Mono.subscribe(Mono.java:4534) ~[reactor-core-3.6.6.jar:3.6.6]
		at reactor.core.publisher.Mono.subscribe(Mono.java:4470) ~[reactor-core-3.6.6.jar:3.6.6]
		at org.springframework.test.web.reactive.server.HttpHandlerConnector.lambda$doConnect$2(HttpHandlerConnector.java:100) ~[spring-test-6.1.8.jar:6.1.8]
		at org.springframework.mock.http.client.reactive.MockClientHttpRequest.lambda$writeWith$2(MockClientHttpRequest.java:124) ~[spring-test-6.1.8.jar:6.1.8]
		at reactor.core.publisher.MonoDefer.subscribe(MonoDefer.java:45) ~[reactor-core-3.6.6.jar:3.6.6]
		at reactor.core.publisher.Mono.subscribe(Mono.java:4568) ~[reactor-core-3.6.6.jar:3.6.6]
		at reactor.core.publisher.FluxConcatIterable$ConcatIterableSubscriber.onComplete(FluxConcatIterable.java:148) ~[reactor-core-3.6.6.jar:3.6.6]
		at reactor.core.publisher.FluxConcatIterable.subscribe(FluxConcatIterable.java:60) ~[reactor-core-3.6.6.jar:3.6.6]
		at reactor.core.publisher.Mono.subscribe(Mono.java:4568) ~[reactor-core-3.6.6.jar:3.6.6]
		at reactor.core.publisher.Mono.subscribeWith(Mono.java:4634) ~[reactor-core-3.6.6.jar:3.6.6]
		at reactor.core.publisher.Mono.subscribe(Mono.java:4534) ~[reactor-core-3.6.6.jar:3.6.6]
		at reactor.core.publisher.Mono.subscribe(Mono.java:4470) ~[reactor-core-3.6.6.jar:3.6.6]
		at org.springframework.test.web.reactive.server.HttpHandlerConnector.doConnect(HttpHandlerConnector.java:114) ~[spring-test-6.1.8.jar:6.1.8]
		at org.springframework.test.web.reactive.server.HttpHandlerConnector.lambda$connect$0(HttpHandlerConnector.java:81) ~[spring-test-6.1.8.jar:6.1.8]
		at reactor.core.publisher.MonoDefer.subscribe(MonoDefer.java:45) ~[reactor-core-3.6.6.jar:3.6.6]
		at reactor.core.publisher.Mono.subscribe(Mono.java:4568) ~[reactor-core-3.6.6.jar:3.6.6]
		at reactor.core.publisher.MonoSubscribeOn$SubscribeOnSubscriber.run(MonoSubscribeOn.java:126) ~[reactor-core-3.6.6.jar:3.6.6]
		at reactor.core.scheduler.WorkerTask.call(WorkerTask.java:84) ~[reactor-core-3.6.6.jar:3.6.6]
		at reactor.core.scheduler.WorkerTask.call(WorkerTask.java:37) ~[reactor-core-3.6.6.jar:3.6.6]
		at java.base/java.util.concurrent.FutureTask.run(FutureTask.java:317) ~[na:na]
		at java.base/java.util.concurrent.ScheduledThreadPoolExecutor$ScheduledFutureTask.run(ScheduledThreadPoolExecutor.java:304) ~[na:na]
		at java.base/java.util.concurrent.ThreadPoolExecutor.runWorker(ThreadPoolExecutor.java:1144) ~[na:na]
		at java.base/java.util.concurrent.ThreadPoolExecutor$Worker.run(ThreadPoolExecutor.java:642) ~[na:na]
		at java.base/java.lang.Thread.run(Thread.java:1583) ~[na:na]

2025-07-15T00:03:15.629+05:30 DEBUG 39836 --- [parallel-7] org.springframework.web.HttpLogging      : [de964f] Encoding [{timestamp=Tue Jul 15 00:03:15 IST 2025, path=/carts/2/items, status=500, error=Internal Server Erro (truncated)...]
2025-07-15T00:03:15.631+05:30 DEBUG 39836 --- [parallel-7] o.s.w.s.adapter.HttpWebHandlerAdapter    : [de964f] Completed 500 INTERNAL_SERVER_ERROR
2025-07-15T00:03:15.631+05:30 DEBUG 39836 --- [parallel-7] o.s.w.r.f.client.ExchangeFunctions       : [685e97e0] [154eb22e] Response 500 INTERNAL_SERVER_ERROR
2025-07-15T00:03:15.634+05:30 ERROR 39836 --- [main] o.s.t.w.reactive.server.ExchangeResult   : Request details for assertion failure:

> GET /carts/2/items
> WebTestClient-Request-Id: [2]

No content

< 500 INTERNAL_SERVER_ERROR Internal Server Error
< Content-Type: [application/json]
< Content-Length: [117]

{"timestamp":1752517995619,"path":"/carts/2/items","status":500,"error":"Internal Server Error","requestId":"de964f"}

2025-07-15T00:03:15.644+05:30 DEBUG 39836 --- [main] o.s.w.r.f.client.ExchangeFunctions       : [42d65ffc] HTTP DELETE /carts/items/3
2025-07-15T00:03:15.645+05:30 DEBUG 39836 --- [parallel-8] o.s.w.s.adapter.HttpWebHandlerAdapter    : [5e85f119] HTTP DELETE "/carts/items/3"
2025-07-15T00:03:15.646+05:30 DEBUG 39836 --- [parallel-8] o.s.w.r.f.s.s.RouterFunctionMapping      : [5e85f119] Mapped to com.evolve.route.CartItemRouter$$Lambda/0x0000721008609d00@504214b9
2025-07-15T00:03:15.648+05:30 DEBUG 39836 --- [parallel-8] o.s.w.s.adapter.HttpWebHandlerAdapter    : [5e85f119] Completed 204 NO_CONTENT
2025-07-15T00:03:15.648+05:30 DEBUG 39836 --- [parallel-8] o.s.w.r.f.client.ExchangeFunctions       : [42d65ffc] [751e7c3c] Response 204 NO_CONTENT
2025-07-15T00:03:15.674+05:30  INFO 39836 --- [main] org.testcontainers.images.PullPolicy     : Image pull policy will be performed by: DefaultPullPolicy()
2025-07-15T00:03:15.675+05:30  INFO 39836 --- [main] o.t.utility.ImageNameSubstitutor         : Image name substitution will be performed by: DefaultImageNameSubstitutor (composite of 'ConfigurationFileImageNameSubstitutor' and 'PrefixingImageNameSubstitutor')
2025-07-15T00:03:15.912+05:30  INFO 39836 --- [main] o.t.d.DockerClientProviderStrategy       : Found Docker environment with local Unix socket (unix:///var/run/docker.sock)
2025-07-15T00:03:15.915+05:30  INFO 39836 --- [main] org.testcontainers.DockerClientFactory   : Docker host IP address is localhost
2025-07-15T00:03:15.925+05:30  INFO 39836 --- [main] org.testcontainers.DockerClientFactory   : Connected to docker: 
  Server Version: 28.3.2
  API Version: 1.51
  Operating System: Ubuntu 22.04.5 LTS
  Total Memory: 31779 MB
2025-07-15T00:03:15.940+05:30  INFO 39836 --- [main] tc.testcontainers/ryuk:0.6.0             : Pulling docker image: testcontainers/ryuk:0.6.0. Please be patient; this may take some time but only needs to be done once.
2025-07-15T00:03:29.051+05:30  INFO 41396 --- [main] c.e.s.CartItemIntegrationTest            : Starting CartItemIntegrationTest using Java 21.0.7 with PID 41396 (started by nashtech in /home/nashtech/Documents/Pi-Shaped-Java-Aman-Jha/Microservices_workshop_Aman_Jha/Day1/eStore-be-app)
2025-07-15T00:03:29.051+05:30  INFO 41396 --- [main] c.e.s.CartItemIntegrationTest            : No active profile set, falling back to 1 default profile: "default"
2025-07-15T00:03:29.376+05:30  INFO 41396 --- [main] .s.d.r.c.RepositoryConfigurationDelegate : Multiple Spring Data modules found, entering strict repository configuration mode
2025-07-15T00:03:29.377+05:30  INFO 41396 --- [main] .s.d.r.c.RepositoryConfigurationDelegate : Bootstrapping Spring Data R2DBC repositories in DEFAULT mode.
2025-07-15T00:03:29.437+05:30  INFO 41396 --- [main] .s.d.r.c.RepositoryConfigurationDelegate : Finished Spring Data repository scanning in 58 ms. Found 5 R2DBC repository interfaces.
2025-07-15T00:03:29.631+05:30  INFO 41396 --- [main] .s.d.r.c.RepositoryConfigurationDelegate : Multiple Spring Data modules found, entering strict repository configuration mode
2025-07-15T00:03:29.632+05:30  INFO 41396 --- [main] .s.d.r.c.RepositoryConfigurationDelegate : Bootstrapping Spring Data Redis repositories in DEFAULT mode.
2025-07-15T00:03:29.638+05:30  INFO 41396 --- [main] .s.d.r.c.RepositoryConfigurationDelegate : Finished Spring Data repository scanning in 1 ms. Found 0 Redis repository interfaces.
2025-07-15T00:03:30.342+05:30 DEBUG 41396 --- [main] o.s.w.r.handler.SimpleUrlHandlerMapping  : Patterns [/ws/chat] in 'webSocketMapping'
2025-07-15T00:03:30.388+05:30 DEBUG 41396 --- [main] o.s.w.s.adapter.HttpWebHandlerAdapter    : enableLoggingRequestDetails='false': form data and headers will be masked to prevent unsafe logging of potentially sensitive data
2025-07-15T00:03:30.533+05:30 DEBUG 41396 --- [main] s.w.r.r.m.a.RequestMappingHandlerMapping : 1 mappings in 'requestMappingHandlerMapping'
2025-07-15T00:03:30.536+05:30 DEBUG 41396 --- [main] o.s.w.r.f.s.s.RouterFunctionMapping      : 6 RouterFunction(s) in 'routerFunctionMapping'
2025-07-15T00:03:30.575+05:30  INFO 41396 --- [main] n.d.b.g.c.a.GrpcClientAutoConfiguration  : Detected grpc-netty-shaded: Creating ShadedNettyChannelFactory + InProcessChannelFactory
2025-07-15T00:03:30.637+05:30  INFO 41396 --- [main] o.s.b.a.e.web.EndpointLinksResolver      : Exposing 3 endpoints beneath base path '/actuator'
2025-07-15T00:03:30.664+05:30 DEBUG 41396 --- [main] o.s.w.r.r.m.a.ControllerMethodResolver   : ControllerAdvice beans: 0 @ModelAttribute, 0 @InitBinder, 1 @ExceptionHandler
2025-07-15T00:03:30.680+05:30 DEBUG 41396 --- [main] o.s.w.s.adapter.HttpWebHandlerAdapter    : enableLoggingRequestDetails='false': form data and headers will be masked to prevent unsafe logging of potentially sensitive data
2025-07-15T00:03:30.702+05:30  INFO 41396 --- [main] g.s.a.GrpcServerFactoryAutoConfiguration : Detected grpc-netty-shaded: Creating ShadedNettyGrpcServerFactory
2025-07-15T00:03:30.995+05:30 DEBUG 41396 --- [main] o.s.w.s.adapter.HttpWebHandlerAdapter    : enableLoggingRequestDetails='false': form data and headers will be masked to prevent unsafe logging of potentially sensitive data
2025-07-15T00:03:31.101+05:30  INFO 41396 --- [main] n.d.b.g.s.s.AbstractGrpcServerFactory    : Registered gRPC service: ChatService, bean: chatServiceImpl, class: com.evolve.grpc.ChatServiceImpl
2025-07-15T00:03:31.101+05:30  INFO 41396 --- [main] n.d.b.g.s.s.AbstractGrpcServerFactory    : Registered gRPC service: grpc.health.v1.Health, bean: grpcHealthService, class: io.grpc.protobuf.services.HealthServiceImpl
2025-07-15T00:03:31.101+05:30  INFO 41396 --- [main] n.d.b.g.s.s.AbstractGrpcServerFactory    : Registered gRPC service: grpc.reflection.v1alpha.ServerReflection, bean: protoReflectionService, class: io.grpc.protobuf.services.ProtoReflectionService
2025-07-15T00:03:31.150+05:30  INFO 41396 --- [main] n.d.b.g.s.s.GrpcServerLifecycle          : gRPC Server started, listening on address: *, port: 9090
2025-07-15T00:03:31.200+05:30  INFO 41396 --- [main] o.s.b.rsocket.netty.NettyRSocketServer   : Netty RSocket started on port 7000
2025-07-15T00:03:31.209+05:30  INFO 41396 --- [main] c.e.s.CartItemIntegrationTest            : Started CartItemIntegrationTest in 2.346 seconds (process running for 2.871)
2025-07-15T00:04:17.731+05:30  INFO 41396 --- [RedisInstanceCleaner] redis.embedded.AbstractRedisInstance     : Stopping redis server...
2025-07-15T00:04:17.746+05:30  INFO 41396 --- [SpringApplicationShutdownHook] n.d.b.g.s.s.GrpcServerLifecycle          : Completed gRPC server shutdown
2025-07-15T00:04:17.800+05:30  INFO 41396 --- [main] .s.b.a.l.ConditionEvaluationReportLogger : 

Error starting ApplicationContext. To display the condition evaluation report re-run your application with 'debug' enabled.
2025-07-15T00:04:17.805+05:30  INFO 41396 --- [RedisInstanceCleaner] redis.embedded.AbstractRedisInstance     : Redis exited
2025-07-15T00:04:17.808+05:30 ERROR 41396 --- [main] o.s.boot.SpringApplication               : Application run failed

reactor.core.Exceptions$ReactiveException: io.netty.channel.AbstractChannel$AnnotatedConnectException: finishConnect(..) failed: Connection refused: localhost/127.0.0.1:7000
	at reactor.core.Exceptions.propagate(Exceptions.java:410) ~[reactor-core-3.6.6.jar:3.6.6]
	at reactor.core.publisher.BlockingSingleSubscriber.blockingGet(BlockingSingleSubscriber.java:102) ~[reactor-core-3.6.6.jar:3.6.6]
	at reactor.core.publisher.Mono.block(Mono.java:1779) ~[reactor-core-3.6.6.jar:3.6.6]
	at com.evolve.springbootapp.RSocketClient.run(RSocketClient.java:14) ~[classes/:na]
	at org.springframework.boot.SpringApplication.lambda$callRunner$5(SpringApplication.java:790) ~[spring-boot-3.3.0.jar:3.3.0]
	at org.springframework.util.function.ThrowingConsumer$1.acceptWithException(ThrowingConsumer.java:83) ~[spring-core-6.1.8.jar:6.1.8]
	at org.springframework.util.function.ThrowingConsumer.accept(ThrowingConsumer.java:60) ~[spring-core-6.1.8.jar:6.1.8]
	at org.springframework.util.function.ThrowingConsumer$1.accept(ThrowingConsumer.java:88) ~[spring-core-6.1.8.jar:6.1.8]
	at org.springframework.boot.SpringApplication.callRunner(SpringApplication.java:798) ~[spring-boot-3.3.0.jar:3.3.0]
	at org.springframework.boot.SpringApplication.callRunner(SpringApplication.java:789) ~[spring-boot-3.3.0.jar:3.3.0]
	at org.springframework.boot.SpringApplication.lambda$callRunners$3(SpringApplication.java:774) ~[spring-boot-3.3.0.jar:3.3.0]
	at java.base/java.util.stream.ForEachOps$ForEachOp$OfRef.accept(ForEachOps.java:184) ~[na:na]
	at java.base/java.util.stream.SortedOps$SizedRefSortingSink.end(SortedOps.java:357) ~[na:na]
	at java.base/java.util.stream.AbstractPipeline.copyInto(AbstractPipeline.java:510) ~[na:na]
	at java.base/java.util.stream.AbstractPipeline.wrapAndCopyInto(AbstractPipeline.java:499) ~[na:na]
	at java.base/java.util.stream.ForEachOps$ForEachOp.evaluateSequential(ForEachOps.java:151) ~[na:na]
	at java.base/java.util.stream.ForEachOps$ForEachOp$OfRef.evaluateSequential(ForEachOps.java:174) ~[na:na]
	at java.base/java.util.stream.AbstractPipeline.evaluate(AbstractPipeline.java:234) ~[na:na]
	at java.base/java.util.stream.ReferencePipeline.forEach(ReferencePipeline.java:596) ~[na:na]
	at org.springframework.boot.SpringApplication.callRunners(SpringApplication.java:774) ~[spring-boot-3.3.0.jar:3.3.0]
	at org.springframework.boot.SpringApplication.run(SpringApplication.java:342) ~[spring-boot-3.3.0.jar:3.3.0]
	at org.springframework.boot.test.context.SpringBootContextLoader.lambda$loadContext$3(SpringBootContextLoader.java:137) ~[spring-boot-test-3.3.0.jar:3.3.0]
	at org.springframework.util.function.ThrowingSupplier.get(ThrowingSupplier.java:58) ~[spring-core-6.1.8.jar:6.1.8]
	at org.springframework.util.function.ThrowingSupplier.get(ThrowingSupplier.java:46) ~[spring-core-6.1.8.jar:6.1.8]
	at org.springframework.boot.SpringApplication.withHook(SpringApplication.java:1463) ~[spring-boot-3.3.0.jar:3.3.0]
	at org.springframework.boot.test.context.SpringBootContextLoader$ContextLoaderHook.run(SpringBootContextLoader.java:553) ~[spring-boot-test-3.3.0.jar:3.3.0]
	at org.springframework.boot.test.context.SpringBootContextLoader.loadContext(SpringBootContextLoader.java:137) ~[spring-boot-test-3.3.0.jar:3.3.0]
	at org.springframework.boot.test.context.SpringBootContextLoader.loadContext(SpringBootContextLoader.java:108) ~[spring-boot-test-3.3.0.jar:3.3.0]
	at org.springframework.test.context.cache.DefaultCacheAwareContextLoaderDelegate.loadContextInternal(DefaultCacheAwareContextLoaderDelegate.java:225) ~[spring-test-6.1.8.jar:6.1.8]
	at org.springframework.test.context.cache.DefaultCacheAwareContextLoaderDelegate.loadContext(DefaultCacheAwareContextLoaderDelegate.java:152) ~[spring-test-6.1.8.jar:6.1.8]
	at org.springframework.test.context.support.DefaultTestContext.getApplicationContext(DefaultTestContext.java:130) ~[spring-test-6.1.8.jar:6.1.8]
	at org.springframework.test.context.web.ServletTestExecutionListener.setUpRequestContextIfNecessary(ServletTestExecutionListener.java:191) ~[spring-test-6.1.8.jar:6.1.8]
	at org.springframework.test.context.web.ServletTestExecutionListener.prepareTestInstance(ServletTestExecutionListener.java:130) ~[spring-test-6.1.8.jar:6.1.8]
	at org.springframework.test.context.TestContextManager.prepareTestInstance(TestContextManager.java:260) ~[spring-test-6.1.8.jar:6.1.8]
	at org.springframework.test.context.junit.jupiter.SpringExtension.postProcessTestInstance(SpringExtension.java:163) ~[spring-test-6.1.8.jar:6.1.8]
	at org.junit.jupiter.engine.descriptor.ClassBasedTestDescriptor.lambda$invokeTestInstancePostProcessors$10(ClassBasedTestDescriptor.java:378) ~[junit-jupiter-engine-5.10.2.jar:5.10.2]
	at org.junit.jupiter.engine.descriptor.ClassBasedTestDescriptor.executeAndMaskThrowable(ClassBasedTestDescriptor.java:383) ~[junit-jupiter-engine-5.10.2.jar:5.10.2]
	at org.junit.jupiter.engine.descriptor.ClassBasedTestDescriptor.lambda$invokeTestInstancePostProcessors$11(ClassBasedTestDescriptor.java:378) ~[junit-jupiter-engine-5.10.2.jar:5.10.2]
	at java.base/java.util.stream.ReferencePipeline$3$1.accept(ReferencePipeline.java:197) ~[na:na]
	at java.base/java.util.stream.ReferencePipeline$2$1.accept(ReferencePipeline.java:179) ~[na:na]
	at java.base/java.util.ArrayList$ArrayListSpliterator.forEachRemaining(ArrayList.java:1708) ~[na:na]
	at java.base/java.util.stream.AbstractPipeline.copyInto(AbstractPipeline.java:509) ~[na:na]
	at java.base/java.util.stream.AbstractPipeline.wrapAndCopyInto(AbstractPipeline.java:499) ~[na:na]
	at java.base/java.util.stream.StreamSpliterators$WrappingSpliterator.forEachRemaining(StreamSpliterators.java:310) ~[na:na]
	at java.base/java.util.stream.Streams$ConcatSpliterator.forEachRemaining(Streams.java:735) ~[na:na]
	at java.base/java.util.stream.Streams$ConcatSpliterator.forEachRemaining(Streams.java:734) ~[na:na]
	at java.base/java.util.stream.ReferencePipeline$Head.forEach(ReferencePipeline.java:762) ~[na:na]
	at org.junit.jupiter.engine.descriptor.ClassBasedTestDescriptor.invokeTestInstancePostProcessors(ClassBasedTestDescriptor.java:377) ~[junit-jupiter-engine-5.10.2.jar:5.10.2]
	at org.junit.jupiter.engine.descriptor.ClassBasedTestDescriptor.lambda$instantiateAndPostProcessTestInstance$6(ClassBasedTestDescriptor.java:290) ~[junit-jupiter-engine-5.10.2.jar:5.10.2]
	at org.junit.platform.engine.support.hierarchical.ThrowableCollector.execute(ThrowableCollector.java:73) ~[junit-platform-engine-1.10.2.jar:1.10.2]
	at org.junit.jupiter.engine.descriptor.ClassBasedTestDescriptor.instantiateAndPostProcessTestInstance(ClassBasedTestDescriptor.java:289) ~[junit-jupiter-engine-5.10.2.jar:5.10.2]
	at org.junit.jupiter.engine.descriptor.ClassBasedTestDescriptor.lambda$testInstancesProvider$4(ClassBasedTestDescriptor.java:279) ~[junit-jupiter-engine-5.10.2.jar:5.10.2]
	at java.base/java.util.Optional.orElseGet(Optional.java:364) ~[na:na]
	at org.junit.jupiter.engine.descriptor.ClassBasedTestDescriptor.lambda$testInstancesProvider$5(ClassBasedTestDescriptor.java:278) ~[junit-jupiter-engine-5.10.2.jar:5.10.2]
	at org.junit.jupiter.engine.execution.TestInstancesProvider.getTestInstances(TestInstancesProvider.java:31) ~[junit-jupiter-engine-5.10.2.jar:5.10.2]
	at org.junit.jupiter.engine.descriptor.TestMethodTestDescriptor.lambda$prepare$0(TestMethodTestDescriptor.java:106) ~[junit-jupiter-engine-5.10.2.jar:5.10.2]
	at org.junit.platform.engine.support.hierarchical.ThrowableCollector.execute(ThrowableCollector.java:73) ~[junit-platform-engine-1.10.2.jar:1.10.2]
	at org.junit.jupiter.engine.descriptor.TestMethodTestDescriptor.prepare(TestMethodTestDescriptor.java:105) ~[junit-jupiter-engine-5.10.2.jar:5.10.2]
	at org.junit.jupiter.engine.descriptor.TestMethodTestDescriptor.prepare(TestMethodTestDescriptor.java:69) ~[junit-jupiter-engine-5.10.2.jar:5.10.2]
	at org.junit.platform.engine.support.hierarchical.NodeTestTask.lambda$prepare$2(NodeTestTask.java:123) ~[junit-platform-engine-1.10.2.jar:1.10.2]
	at org.junit.platform.engine.support.hierarchical.ThrowableCollector.execute(ThrowableCollector.java:73) ~[junit-platform-engine-1.10.2.jar:1.10.2]
	at org.junit.platform.engine.support.hierarchical.NodeTestTask.prepare(NodeTestTask.java:123) ~[junit-platform-engine-1.10.2.jar:1.10.2]
	at org.junit.platform.engine.support.hierarchical.NodeTestTask.execute(NodeTestTask.java:90) ~[junit-platform-engine-1.10.2.jar:1.10.2]
	at java.base/java.util.ArrayList.forEach(ArrayList.java:1596) ~[na:na]
	at org.junit.platform.engine.support.hierarchical.SameThreadHierarchicalTestExecutorService.invokeAll(SameThreadHierarchicalTestExecutorService.java:41) ~[junit-platform-engine-1.10.2.jar:1.10.2]
	at org.junit.platform.engine.support.hierarchical.NodeTestTask.lambda$executeRecursively$6(NodeTestTask.java:155) ~[junit-platform-engine-1.10.2.jar:1.10.2]
	at org.junit.platform.engine.support.hierarchical.ThrowableCollector.execute(ThrowableCollector.java:73) ~[junit-platform-engine-1.10.2.jar:1.10.2]
	at org.junit.platform.engine.support.hierarchical.NodeTestTask.lambda$executeRecursively$8(NodeTestTask.java:141) ~[junit-platform-engine-1.10.2.jar:1.10.2]
	at org.junit.platform.engine.support.hierarchical.Node.around(Node.java:137) ~[junit-platform-engine-1.10.2.jar:1.10.2]
	at org.junit.platform.engine.support.hierarchical.NodeTestTask.lambda$executeRecursively$9(NodeTestTask.java:139) ~[junit-platform-engine-1.10.2.jar:1.10.2]
	at org.junit.platform.engine.support.hierarchical.ThrowableCollector.execute(ThrowableCollector.java:73) ~[junit-platform-engine-1.10.2.jar:1.10.2]
	at org.junit.platform.engine.support.hierarchical.NodeTestTask.executeRecursively(NodeTestTask.java:138) ~[junit-platform-engine-1.10.2.jar:1.10.2]
	at org.junit.platform.engine.support.hierarchical.NodeTestTask.execute(NodeTestTask.java:95) ~[junit-platform-engine-1.10.2.jar:1.10.2]
	at java.base/java.util.ArrayList.forEach(ArrayList.java:1596) ~[na:na]
	at org.junit.platform.engine.support.hierarchical.SameThreadHierarchicalTestExecutorService.invokeAll(SameThreadHierarchicalTestExecutorService.java:41) ~[junit-platform-engine-1.10.2.jar:1.10.2]
	at org.junit.platform.engine.support.hierarchical.NodeTestTask.lambda$executeRecursively$6(NodeTestTask.java:155) ~[junit-platform-engine-1.10.2.jar:1.10.2]
	at org.junit.platform.engine.support.hierarchical.ThrowableCollector.execute(ThrowableCollector.java:73) ~[junit-platform-engine-1.10.2.jar:1.10.2]
	at org.junit.platform.engine.support.hierarchical.NodeTestTask.lambda$executeRecursively$8(NodeTestTask.java:141) ~[junit-platform-engine-1.10.2.jar:1.10.2]
	at org.junit.platform.engine.support.hierarchical.Node.around(Node.java:137) ~[junit-platform-engine-1.10.2.jar:1.10.2]
	at org.junit.platform.engine.support.hierarchical.NodeTestTask.lambda$executeRecursively$9(NodeTestTask.java:139) ~[junit-platform-engine-1.10.2.jar:1.10.2]
	at org.junit.platform.engine.support.hierarchical.ThrowableCollector.execute(ThrowableCollector.java:73) ~[junit-platform-engine-1.10.2.jar:1.10.2]
	at org.junit.platform.engine.support.hierarchical.NodeTestTask.executeRecursively(NodeTestTask.java:138) ~[junit-platform-engine-1.10.2.jar:1.10.2]
	at org.junit.platform.engine.support.hierarchical.NodeTestTask.execute(NodeTestTask.java:95) ~[junit-platform-engine-1.10.2.jar:1.10.2]
	at org.junit.platform.engine.support.hierarchical.SameThreadHierarchicalTestExecutorService.submit(SameThreadHierarchicalTestExecutorService.java:35) ~[junit-platform-engine-1.10.2.jar:1.10.2]
	at org.junit.platform.engine.support.hierarchical.HierarchicalTestExecutor.execute(HierarchicalTestExecutor.java:57) ~[junit-platform-engine-1.10.2.jar:1.10.2]
	at org.junit.platform.engine.support.hierarchical.HierarchicalTestEngine.execute(HierarchicalTestEngine.java:54) ~[junit-platform-engine-1.10.2.jar:1.10.2]
	at org.junit.platform.launcher.core.EngineExecutionOrchestrator.execute(EngineExecutionOrchestrator.java:198) ~[junit-platform-launcher-1.10.2.jar:1.10.2]
	at org.junit.platform.launcher.core.EngineExecutionOrchestrator.execute(EngineExecutionOrchestrator.java:169) ~[junit-platform-launcher-1.10.2.jar:1.10.2]
	at org.junit.platform.launcher.core.EngineExecutionOrchestrator.execute(EngineExecutionOrchestrator.java:93) ~[junit-platform-launcher-1.10.2.jar:1.10.2]
	at org.junit.platform.launcher.core.EngineExecutionOrchestrator.lambda$execute$0(EngineExecutionOrchestrator.java:58) ~[junit-platform-launcher-1.10.2.jar:1.10.2]
	at org.junit.platform.launcher.core.EngineExecutionOrchestrator.withInterceptedStreams(EngineExecutionOrchestrator.java:141) ~[junit-platform-launcher-1.10.2.jar:1.10.2]
	at org.junit.platform.launcher.core.EngineExecutionOrchestrator.execute(EngineExecutionOrchestrator.java:57) ~[junit-platform-launcher-1.10.2.jar:1.10.2]
	at org.junit.platform.launcher.core.DefaultLauncher.execute(DefaultLauncher.java:103) ~[junit-platform-launcher-1.10.2.jar:1.10.2]
	at org.junit.platform.launcher.core.DefaultLauncher.execute(DefaultLauncher.java:85) ~[junit-platform-launcher-1.10.2.jar:1.10.2]
	at org.junit.platform.launcher.core.DelegatingLauncher.execute(DelegatingLauncher.java:47) ~[junit-platform-launcher-1.10.2.jar:1.10.2]
	at org.apache.maven.surefire.junitplatform.LazyLauncher.execute(LazyLauncher.java:56) ~[surefire-junit-platform-3.2.5.jar:3.2.5]
	at org.apache.maven.surefire.junitplatform.JUnitPlatformProvider.execute(JUnitPlatformProvider.java:184) ~[surefire-junit-platform-3.2.5.jar:3.2.5]
	at org.apache.maven.surefire.junitplatform.JUnitPlatformProvider.invokeAllTests(JUnitPlatformProvider.java:148) ~[surefire-junit-platform-3.2.5.jar:3.2.5]
	at org.apache.maven.surefire.junitplatform.JUnitPlatformProvider.invoke(JUnitPlatformProvider.java:122) ~[surefire-junit-platform-3.2.5.jar:3.2.5]
	at org.apache.maven.surefire.booter.ForkedBooter.runSuitesInProcess(ForkedBooter.java:385) ~[surefire-booter-3.2.5.jar:3.2.5]
	at org.apache.maven.surefire.booter.ForkedBooter.execute(ForkedBooter.java:162) ~[surefire-booter-3.2.5.jar:3.2.5]
	at org.apache.maven.surefire.booter.ForkedBooter.run(ForkedBooter.java:507) ~[surefire-booter-3.2.5.jar:3.2.5]
	at org.apache.maven.surefire.booter.ForkedBooter.main(ForkedBooter.java:495) ~[surefire-booter-3.2.5.jar:3.2.5]
	Suppressed: java.lang.Exception: #block terminated with an error
		at reactor.core.publisher.BlockingSingleSubscriber.blockingGet(BlockingSingleSubscriber.java:104) ~[reactor-core-3.6.6.jar:3.6.6]
		... 101 common frames omitted
Caused by: io.netty.channel.AbstractChannel$AnnotatedConnectException: finishConnect(..) failed: Connection refused: localhost/127.0.0.1:7000
Caused by: java.net.ConnectException: finishConnect(..) failed: Connection refused
	at io.netty.channel.unix.Errors.newConnectException0(Errors.java:166) ~[netty-transport-native-unix-common-4.1.110.Final.jar:4.1.110.Final]
	at io.netty.channel.unix.Errors.handleConnectErrno(Errors.java:131) ~[netty-transport-native-unix-common-4.1.110.Final.jar:4.1.110.Final]
	at io.netty.channel.unix.Socket.finishConnect(Socket.java:359) ~[netty-transport-native-unix-common-4.1.110.Final.jar:4.1.110.Final]
	at io.netty.channel.epoll.AbstractEpollChannel$AbstractEpollUnsafe.doFinishConnect(AbstractEpollChannel.java:715) ~[netty-transport-classes-epoll-4.1.110.Final.jar:4.1.110.Final]
	at io.netty.channel.epoll.AbstractEpollChannel$AbstractEpollUnsafe.finishConnect(AbstractEpollChannel.java:692) ~[netty-transport-classes-epoll-4.1.110.Final.jar:4.1.110.Final]
	at io.netty.channel.epoll.AbstractEpollChannel$AbstractEpollUnsafe.epollOutReady(AbstractEpollChannel.java:567) ~[netty-transport-classes-epoll-4.1.110.Final.jar:4.1.110.Final]
	at io.netty.channel.epoll.EpollEventLoop.processReady(EpollEventLoop.java:491) ~[netty-transport-classes-epoll-4.1.110.Final.jar:4.1.110.Final]
	at io.netty.channel.epoll.EpollEventLoop.run(EpollEventLoop.java:399) ~[netty-transport-classes-epoll-4.1.110.Final.jar:4.1.110.Final]
	at io.netty.util.concurrent.SingleThreadEventExecutor$4.run(SingleThreadEventExecutor.java:994) ~[netty-common-4.1.110.Final.jar:4.1.110.Final]
	at io.netty.util.internal.ThreadExecutorMap$2.run(ThreadExecutorMap.java:74) ~[netty-common-4.1.110.Final.jar:4.1.110.Final]
	at io.netty.util.concurrent.FastThreadLocalRunnable.run(FastThreadLocalRunnable.java:30) ~[netty-common-4.1.110.Final.jar:4.1.110.Final]
	at java.base/java.lang.Thread.run(Thread.java:1583) ~[na:na]

2025-07-15T00:04:17.812+05:30  WARN 41396 --- [SpringApplicationShutdownHook] o.s.c.support.DefaultLifecycleProcessor  : Failed to stop bean 'reactorResourceFactory'

reactor.core.Exceptions$ReactiveException: java.lang.InterruptedException
	at reactor.core.Exceptions.propagate(Exceptions.java:410) ~[reactor-core-3.6.6.jar:3.6.6]
	at reactor.core.publisher.BlockingSingleSubscriber.blockingGet(BlockingSingleSubscriber.java:96) ~[reactor-core-3.6.6.jar:3.6.6]
	at reactor.core.publisher.Mono.block(Mono.java:1779) ~[reactor-core-3.6.6.jar:3.6.6]
	at org.springframework.http.client.ReactorResourceFactory.stop(ReactorResourceFactory.java:251) ~[spring-web-6.1.8.jar:6.1.8]
	at org.springframework.context.support.DefaultLifecycleProcessor.doStop(DefaultLifecycleProcessor.java:361) ~[spring-context-6.1.8.jar:6.1.8]
	at org.springframework.context.support.DefaultLifecycleProcessor$LifecycleGroup.stop(DefaultLifecycleProcessor.java:487) ~[spring-context-6.1.8.jar:6.1.8]
	at java.base/java.lang.Iterable.forEach(Iterable.java:75) ~[na:na]
	at org.springframework.context.support.DefaultLifecycleProcessor.stopBeans(DefaultLifecycleProcessor.java:317) ~[spring-context-6.1.8.jar:6.1.8]
	at org.springframework.context.support.DefaultLifecycleProcessor.onClose(DefaultLifecycleProcessor.java:218) ~[spring-context-6.1.8.jar:6.1.8]
	at org.springframework.context.support.AbstractApplicationContext.doClose(AbstractApplicationContext.java:1139) ~[spring-context-6.1.8.jar:6.1.8]
	at org.springframework.context.support.AbstractApplicationContext.close(AbstractApplicationContext.java:1093) ~[spring-context-6.1.8.jar:6.1.8]
	at org.springframework.boot.SpringApplicationShutdownHook.closeAndWait(SpringApplicationShutdownHook.java:145) ~[spring-boot-3.3.0.jar:3.3.0]
	at java.base/java.lang.Iterable.forEach(Iterable.java:75) ~[na:na]
	at org.springframework.boot.SpringApplicationShutdownHook.run(SpringApplicationShutdownHook.java:114) ~[spring-boot-3.3.0.jar:3.3.0]
	at java.base/java.lang.Thread.run(Thread.java:1583) ~[na:na]
Caused by: java.lang.InterruptedException: null
	at java.base/java.util.concurrent.locks.AbstractQueuedSynchronizer.acquireSharedInterruptibly(AbstractQueuedSynchronizer.java:1100) ~[na:na]
	at java.base/java.util.concurrent.CountDownLatch.await(CountDownLatch.java:230) ~[na:na]
	at reactor.core.publisher.BlockingSingleSubscriber.blockingGet(BlockingSingleSubscriber.java:91) ~[reactor-core-3.6.6.jar:3.6.6]
	... 13 common frames omitted

2025-07-15T00:05:30.530+05:30  INFO 42036 --- [main] c.e.s.CartItemIntegrationTest            : Starting CartItemIntegrationTest using Java 21.0.7 with PID 42036 (started by nashtech in /home/nashtech/Documents/Pi-Shaped-Java-Aman-Jha/Microservices_workshop_Aman_Jha/Day1/eStore-be-app)
2025-07-15T00:05:30.531+05:30  INFO 42036 --- [main] c.e.s.CartItemIntegrationTest            : No active profile set, falling back to 1 default profile: "default"
2025-07-15T00:05:30.844+05:30  INFO 42036 --- [main] .s.d.r.c.RepositoryConfigurationDelegate : Multiple Spring Data modules found, entering strict repository configuration mode
2025-07-15T00:05:30.845+05:30  INFO 42036 --- [main] .s.d.r.c.RepositoryConfigurationDelegate : Bootstrapping Spring Data R2DBC repositories in DEFAULT mode.
2025-07-15T00:05:30.905+05:30  INFO 42036 --- [main] .s.d.r.c.RepositoryConfigurationDelegate : Finished Spring Data repository scanning in 58 ms. Found 5 R2DBC repository interfaces.
2025-07-15T00:05:31.080+05:30  INFO 42036 --- [main] .s.d.r.c.RepositoryConfigurationDelegate : Multiple Spring Data modules found, entering strict repository configuration mode
2025-07-15T00:05:31.081+05:30  INFO 42036 --- [main] .s.d.r.c.RepositoryConfigurationDelegate : Bootstrapping Spring Data Redis repositories in DEFAULT mode.
2025-07-15T00:05:31.087+05:30  INFO 42036 --- [main] .s.d.r.c.RepositoryConfigurationDelegate : Finished Spring Data repository scanning in 1 ms. Found 0 Redis repository interfaces.
2025-07-15T00:05:31.740+05:30 DEBUG 42036 --- [main] o.s.w.r.handler.SimpleUrlHandlerMapping  : Patterns [/ws/chat] in 'webSocketMapping'
2025-07-15T00:05:31.777+05:30 DEBUG 42036 --- [main] o.s.w.s.adapter.HttpWebHandlerAdapter    : enableLoggingRequestDetails='false': form data and headers will be masked to prevent unsafe logging of potentially sensitive data
2025-07-15T00:05:31.921+05:30 DEBUG 42036 --- [main] s.w.r.r.m.a.RequestMappingHandlerMapping : 1 mappings in 'requestMappingHandlerMapping'
2025-07-15T00:05:31.923+05:30 DEBUG 42036 --- [main] o.s.w.r.f.s.s.RouterFunctionMapping      : 6 RouterFunction(s) in 'routerFunctionMapping'
2025-07-15T00:05:31.959+05:30  INFO 42036 --- [main] n.d.b.g.c.a.GrpcClientAutoConfiguration  : Detected grpc-netty-shaded: Creating ShadedNettyChannelFactory + InProcessChannelFactory
2025-07-15T00:05:32.030+05:30  INFO 42036 --- [main] o.s.b.a.e.web.EndpointLinksResolver      : Exposing 3 endpoints beneath base path '/actuator'
2025-07-15T00:05:32.053+05:30 DEBUG 42036 --- [main] o.s.w.r.r.m.a.ControllerMethodResolver   : ControllerAdvice beans: 0 @ModelAttribute, 0 @InitBinder, 1 @ExceptionHandler
2025-07-15T00:05:32.067+05:30 DEBUG 42036 --- [main] o.s.w.s.adapter.HttpWebHandlerAdapter    : enableLoggingRequestDetails='false': form data and headers will be masked to prevent unsafe logging of potentially sensitive data
2025-07-15T00:05:32.087+05:30  INFO 42036 --- [main] g.s.a.GrpcServerFactoryAutoConfiguration : Detected grpc-netty-shaded: Creating ShadedNettyGrpcServerFactory
2025-07-15T00:05:32.385+05:30 DEBUG 42036 --- [main] o.s.w.s.adapter.HttpWebHandlerAdapter    : enableLoggingRequestDetails='false': form data and headers will be masked to prevent unsafe logging of potentially sensitive data
2025-07-15T00:05:32.467+05:30  INFO 42036 --- [main] n.d.b.g.s.s.AbstractGrpcServerFactory    : Registered gRPC service: ChatService, bean: chatServiceImpl, class: com.evolve.grpc.ChatServiceImpl
2025-07-15T00:05:32.467+05:30  INFO 42036 --- [main] n.d.b.g.s.s.AbstractGrpcServerFactory    : Registered gRPC service: grpc.health.v1.Health, bean: grpcHealthService, class: io.grpc.protobuf.services.HealthServiceImpl
2025-07-15T00:05:32.467+05:30  INFO 42036 --- [main] n.d.b.g.s.s.AbstractGrpcServerFactory    : Registered gRPC service: grpc.reflection.v1alpha.ServerReflection, bean: protoReflectionService, class: io.grpc.protobuf.services.ProtoReflectionService
2025-07-15T00:05:32.514+05:30  INFO 42036 --- [main] n.d.b.g.s.s.GrpcServerLifecycle          : gRPC Server started, listening on address: *, port: 9090
2025-07-15T00:05:32.552+05:30  INFO 42036 --- [main] o.s.b.rsocket.netty.NettyRSocketServer   : Netty RSocket started on port 7000
2025-07-15T00:05:32.561+05:30  INFO 42036 --- [main] c.e.s.CartItemIntegrationTest            : Started CartItemIntegrationTest in 2.227 seconds (process running for 2.712)
2025-07-15T00:05:58.501+05:30  INFO 42036 --- [RedisInstanceCleaner] redis.embedded.AbstractRedisInstance     : Stopping redis server...
2025-07-15T00:05:58.511+05:30  INFO 42036 --- [SpringApplicationShutdownHook] n.d.b.g.s.s.GrpcServerLifecycle          : Completed gRPC server shutdown
2025-07-15T00:05:58.574+05:30  INFO 42036 --- [main] .s.b.a.l.ConditionEvaluationReportLogger : 

Error starting ApplicationContext. To display the condition evaluation report re-run your application with 'debug' enabled.
2025-07-15T00:05:58.582+05:30 ERROR 42036 --- [main] o.s.boot.SpringApplication               : Application run failed

reactor.core.Exceptions$ReactiveException: io.netty.channel.AbstractChannel$AnnotatedConnectException: finishConnect(..) failed: Connection refused: localhost/127.0.0.1:7000
	at reactor.core.Exceptions.propagate(Exceptions.java:410) ~[reactor-core-3.6.6.jar:3.6.6]
	at reactor.core.publisher.BlockingSingleSubscriber.blockingGet(BlockingSingleSubscriber.java:102) ~[reactor-core-3.6.6.jar:3.6.6]
	at reactor.core.publisher.Mono.block(Mono.java:1779) ~[reactor-core-3.6.6.jar:3.6.6]
	at com.evolve.springbootapp.RSocketClient.run(RSocketClient.java:14) ~[classes/:na]
	at org.springframework.boot.SpringApplication.lambda$callRunner$5(SpringApplication.java:790) ~[spring-boot-3.3.0.jar:3.3.0]
	at org.springframework.util.function.ThrowingConsumer$1.acceptWithException(ThrowingConsumer.java:83) ~[spring-core-6.1.8.jar:6.1.8]
	at org.springframework.util.function.ThrowingConsumer.accept(ThrowingConsumer.java:60) ~[spring-core-6.1.8.jar:6.1.8]
	at org.springframework.util.function.ThrowingConsumer$1.accept(ThrowingConsumer.java:88) ~[spring-core-6.1.8.jar:6.1.8]
	at org.springframework.boot.SpringApplication.callRunner(SpringApplication.java:798) ~[spring-boot-3.3.0.jar:3.3.0]
	at org.springframework.boot.SpringApplication.callRunner(SpringApplication.java:789) ~[spring-boot-3.3.0.jar:3.3.0]
	at org.springframework.boot.SpringApplication.lambda$callRunners$3(SpringApplication.java:774) ~[spring-boot-3.3.0.jar:3.3.0]
	at java.base/java.util.stream.ForEachOps$ForEachOp$OfRef.accept(ForEachOps.java:184) ~[na:na]
	at java.base/java.util.stream.SortedOps$SizedRefSortingSink.end(SortedOps.java:357) ~[na:na]
	at java.base/java.util.stream.AbstractPipeline.copyInto(AbstractPipeline.java:510) ~[na:na]
	at java.base/java.util.stream.AbstractPipeline.wrapAndCopyInto(AbstractPipeline.java:499) ~[na:na]
	at java.base/java.util.stream.ForEachOps$ForEachOp.evaluateSequential(ForEachOps.java:151) ~[na:na]
	at java.base/java.util.stream.ForEachOps$ForEachOp$OfRef.evaluateSequential(ForEachOps.java:174) ~[na:na]
	at java.base/java.util.stream.AbstractPipeline.evaluate(AbstractPipeline.java:234) ~[na:na]
	at java.base/java.util.stream.ReferencePipeline.forEach(ReferencePipeline.java:596) ~[na:na]
	at org.springframework.boot.SpringApplication.callRunners(SpringApplication.java:774) ~[spring-boot-3.3.0.jar:3.3.0]
	at org.springframework.boot.SpringApplication.run(SpringApplication.java:342) ~[spring-boot-3.3.0.jar:3.3.0]
	at org.springframework.boot.test.context.SpringBootContextLoader.lambda$loadContext$3(SpringBootContextLoader.java:137) ~[spring-boot-test-3.3.0.jar:3.3.0]
	at org.springframework.util.function.ThrowingSupplier.get(ThrowingSupplier.java:58) ~[spring-core-6.1.8.jar:6.1.8]
	at org.springframework.util.function.ThrowingSupplier.get(ThrowingSupplier.java:46) ~[spring-core-6.1.8.jar:6.1.8]
	at org.springframework.boot.SpringApplication.withHook(SpringApplication.java:1463) ~[spring-boot-3.3.0.jar:3.3.0]
	at org.springframework.boot.test.context.SpringBootContextLoader$ContextLoaderHook.run(SpringBootContextLoader.java:553) ~[spring-boot-test-3.3.0.jar:3.3.0]
	at org.springframework.boot.test.context.SpringBootContextLoader.loadContext(SpringBootContextLoader.java:137) ~[spring-boot-test-3.3.0.jar:3.3.0]
	at org.springframework.boot.test.context.SpringBootContextLoader.loadContext(SpringBootContextLoader.java:108) ~[spring-boot-test-3.3.0.jar:3.3.0]
	at org.springframework.test.context.cache.DefaultCacheAwareContextLoaderDelegate.loadContextInternal(DefaultCacheAwareContextLoaderDelegate.java:225) ~[spring-test-6.1.8.jar:6.1.8]
	at org.springframework.test.context.cache.DefaultCacheAwareContextLoaderDelegate.loadContext(DefaultCacheAwareContextLoaderDelegate.java:152) ~[spring-test-6.1.8.jar:6.1.8]
	at org.springframework.test.context.support.DefaultTestContext.getApplicationContext(DefaultTestContext.java:130) ~[spring-test-6.1.8.jar:6.1.8]
	at org.springframework.test.context.web.ServletTestExecutionListener.setUpRequestContextIfNecessary(ServletTestExecutionListener.java:191) ~[spring-test-6.1.8.jar:6.1.8]
	at org.springframework.test.context.web.ServletTestExecutionListener.prepareTestInstance(ServletTestExecutionListener.java:130) ~[spring-test-6.1.8.jar:6.1.8]
	at org.springframework.test.context.TestContextManager.prepareTestInstance(TestContextManager.java:260) ~[spring-test-6.1.8.jar:6.1.8]
	at org.springframework.test.context.junit.jupiter.SpringExtension.postProcessTestInstance(SpringExtension.java:163) ~[spring-test-6.1.8.jar:6.1.8]
	at org.junit.jupiter.engine.descriptor.ClassBasedTestDescriptor.lambda$invokeTestInstancePostProcessors$10(ClassBasedTestDescriptor.java:378) ~[junit-jupiter-engine-5.10.2.jar:5.10.2]
	at org.junit.jupiter.engine.descriptor.ClassBasedTestDescriptor.executeAndMaskThrowable(ClassBasedTestDescriptor.java:383) ~[junit-jupiter-engine-5.10.2.jar:5.10.2]
	at org.junit.jupiter.engine.descriptor.ClassBasedTestDescriptor.lambda$invokeTestInstancePostProcessors$11(ClassBasedTestDescriptor.java:378) ~[junit-jupiter-engine-5.10.2.jar:5.10.2]
	at java.base/java.util.stream.ReferencePipeline$3$1.accept(ReferencePipeline.java:197) ~[na:na]
	at java.base/java.util.stream.ReferencePipeline$2$1.accept(ReferencePipeline.java:179) ~[na:na]
	at java.base/java.util.ArrayList$ArrayListSpliterator.forEachRemaining(ArrayList.java:1708) ~[na:na]
	at java.base/java.util.stream.AbstractPipeline.copyInto(AbstractPipeline.java:509) ~[na:na]
	at java.base/java.util.stream.AbstractPipeline.wrapAndCopyInto(AbstractPipeline.java:499) ~[na:na]
	at java.base/java.util.stream.StreamSpliterators$WrappingSpliterator.forEachRemaining(StreamSpliterators.java:310) ~[na:na]
	at java.base/java.util.stream.Streams$ConcatSpliterator.forEachRemaining(Streams.java:735) ~[na:na]
	at java.base/java.util.stream.Streams$ConcatSpliterator.forEachRemaining(Streams.java:734) ~[na:na]
	at java.base/java.util.stream.ReferencePipeline$Head.forEach(ReferencePipeline.java:762) ~[na:na]
	at org.junit.jupiter.engine.descriptor.ClassBasedTestDescriptor.invokeTestInstancePostProcessors(ClassBasedTestDescriptor.java:377) ~[junit-jupiter-engine-5.10.2.jar:5.10.2]
	at org.junit.jupiter.engine.descriptor.ClassBasedTestDescriptor.lambda$instantiateAndPostProcessTestInstance$6(ClassBasedTestDescriptor.java:290) ~[junit-jupiter-engine-5.10.2.jar:5.10.2]
	at org.junit.platform.engine.support.hierarchical.ThrowableCollector.execute(ThrowableCollector.java:73) ~[junit-platform-engine-1.10.2.jar:1.10.2]
	at org.junit.jupiter.engine.descriptor.ClassBasedTestDescriptor.instantiateAndPostProcessTestInstance(ClassBasedTestDescriptor.java:289) ~[junit-jupiter-engine-5.10.2.jar:5.10.2]
	at org.junit.jupiter.engine.descriptor.ClassBasedTestDescriptor.lambda$testInstancesProvider$4(ClassBasedTestDescriptor.java:279) ~[junit-jupiter-engine-5.10.2.jar:5.10.2]
	at java.base/java.util.Optional.orElseGet(Optional.java:364) ~[na:na]
	at org.junit.jupiter.engine.descriptor.ClassBasedTestDescriptor.lambda$testInstancesProvider$5(ClassBasedTestDescriptor.java:278) ~[junit-jupiter-engine-5.10.2.jar:5.10.2]
	at org.junit.jupiter.engine.execution.TestInstancesProvider.getTestInstances(TestInstancesProvider.java:31) ~[junit-jupiter-engine-5.10.2.jar:5.10.2]
	at org.junit.jupiter.engine.descriptor.TestMethodTestDescriptor.lambda$prepare$0(TestMethodTestDescriptor.java:106) ~[junit-jupiter-engine-5.10.2.jar:5.10.2]
	at org.junit.platform.engine.support.hierarchical.ThrowableCollector.execute(ThrowableCollector.java:73) ~[junit-platform-engine-1.10.2.jar:1.10.2]
	at org.junit.jupiter.engine.descriptor.TestMethodTestDescriptor.prepare(TestMethodTestDescriptor.java:105) ~[junit-jupiter-engine-5.10.2.jar:5.10.2]
	at org.junit.jupiter.engine.descriptor.TestMethodTestDescriptor.prepare(TestMethodTestDescriptor.java:69) ~[junit-jupiter-engine-5.10.2.jar:5.10.2]
	at org.junit.platform.engine.support.hierarchical.NodeTestTask.lambda$prepare$2(NodeTestTask.java:123) ~[junit-platform-engine-1.10.2.jar:1.10.2]
	at org.junit.platform.engine.support.hierarchical.ThrowableCollector.execute(ThrowableCollector.java:73) ~[junit-platform-engine-1.10.2.jar:1.10.2]
	at org.junit.platform.engine.support.hierarchical.NodeTestTask.prepare(NodeTestTask.java:123) ~[junit-platform-engine-1.10.2.jar:1.10.2]
	at org.junit.platform.engine.support.hierarchical.NodeTestTask.execute(NodeTestTask.java:90) ~[junit-platform-engine-1.10.2.jar:1.10.2]
	at java.base/java.util.ArrayList.forEach(ArrayList.java:1596) ~[na:na]
	at org.junit.platform.engine.support.hierarchical.SameThreadHierarchicalTestExecutorService.invokeAll(SameThreadHierarchicalTestExecutorService.java:41) ~[junit-platform-engine-1.10.2.jar:1.10.2]
	at org.junit.platform.engine.support.hierarchical.NodeTestTask.lambda$executeRecursively$6(NodeTestTask.java:155) ~[junit-platform-engine-1.10.2.jar:1.10.2]
	at org.junit.platform.engine.support.hierarchical.ThrowableCollector.execute(ThrowableCollector.java:73) ~[junit-platform-engine-1.10.2.jar:1.10.2]
	at org.junit.platform.engine.support.hierarchical.NodeTestTask.lambda$executeRecursively$8(NodeTestTask.java:141) ~[junit-platform-engine-1.10.2.jar:1.10.2]
	at org.junit.platform.engine.support.hierarchical.Node.around(Node.java:137) ~[junit-platform-engine-1.10.2.jar:1.10.2]
	at org.junit.platform.engine.support.hierarchical.NodeTestTask.lambda$executeRecursively$9(NodeTestTask.java:139) ~[junit-platform-engine-1.10.2.jar:1.10.2]
	at org.junit.platform.engine.support.hierarchical.ThrowableCollector.execute(ThrowableCollector.java:73) ~[junit-platform-engine-1.10.2.jar:1.10.2]
	at org.junit.platform.engine.support.hierarchical.NodeTestTask.executeRecursively(NodeTestTask.java:138) ~[junit-platform-engine-1.10.2.jar:1.10.2]
	at org.junit.platform.engine.support.hierarchical.NodeTestTask.execute(NodeTestTask.java:95) ~[junit-platform-engine-1.10.2.jar:1.10.2]
	at java.base/java.util.ArrayList.forEach(ArrayList.java:1596) ~[na:na]
	at org.junit.platform.engine.support.hierarchical.SameThreadHierarchicalTestExecutorService.invokeAll(SameThreadHierarchicalTestExecutorService.java:41) ~[junit-platform-engine-1.10.2.jar:1.10.2]
	at org.junit.platform.engine.support.hierarchical.NodeTestTask.lambda$executeRecursively$6(NodeTestTask.java:155) ~[junit-platform-engine-1.10.2.jar:1.10.2]
	at org.junit.platform.engine.support.hierarchical.ThrowableCollector.execute(ThrowableCollector.java:73) ~[junit-platform-engine-1.10.2.jar:1.10.2]
	at org.junit.platform.engine.support.hierarchical.NodeTestTask.lambda$executeRecursively$8(NodeTestTask.java:141) ~[junit-platform-engine-1.10.2.jar:1.10.2]
	at org.junit.platform.engine.support.hierarchical.Node.around(Node.java:137) ~[junit-platform-engine-1.10.2.jar:1.10.2]
	at org.junit.platform.engine.support.hierarchical.NodeTestTask.lambda$executeRecursively$9(NodeTestTask.java:139) ~[junit-platform-engine-1.10.2.jar:1.10.2]
	at org.junit.platform.engine.support.hierarchical.ThrowableCollector.execute(ThrowableCollector.java:73) ~[junit-platform-engine-1.10.2.jar:1.10.2]
	at org.junit.platform.engine.support.hierarchical.NodeTestTask.executeRecursively(NodeTestTask.java:138) ~[junit-platform-engine-1.10.2.jar:1.10.2]
	at org.junit.platform.engine.support.hierarchical.NodeTestTask.execute(NodeTestTask.java:95) ~[junit-platform-engine-1.10.2.jar:1.10.2]
	at org.junit.platform.engine.support.hierarchical.SameThreadHierarchicalTestExecutorService.submit(SameThreadHierarchicalTestExecutorService.java:35) ~[junit-platform-engine-1.10.2.jar:1.10.2]
	at org.junit.platform.engine.support.hierarchical.HierarchicalTestExecutor.execute(HierarchicalTestExecutor.java:57) ~[junit-platform-engine-1.10.2.jar:1.10.2]
	at org.junit.platform.engine.support.hierarchical.HierarchicalTestEngine.execute(HierarchicalTestEngine.java:54) ~[junit-platform-engine-1.10.2.jar:1.10.2]
	at org.junit.platform.launcher.core.EngineExecutionOrchestrator.execute(EngineExecutionOrchestrator.java:198) ~[junit-platform-launcher-1.10.2.jar:1.10.2]
	at org.junit.platform.launcher.core.EngineExecutionOrchestrator.execute(EngineExecutionOrchestrator.java:169) ~[junit-platform-launcher-1.10.2.jar:1.10.2]
	at org.junit.platform.launcher.core.EngineExecutionOrchestrator.execute(EngineExecutionOrchestrator.java:93) ~[junit-platform-launcher-1.10.2.jar:1.10.2]
	at org.junit.platform.launcher.core.EngineExecutionOrchestrator.lambda$execute$0(EngineExecutionOrchestrator.java:58) ~[junit-platform-launcher-1.10.2.jar:1.10.2]
	at org.junit.platform.launcher.core.EngineExecutionOrchestrator.withInterceptedStreams(EngineExecutionOrchestrator.java:141) ~[junit-platform-launcher-1.10.2.jar:1.10.2]
	at org.junit.platform.launcher.core.EngineExecutionOrchestrator.execute(EngineExecutionOrchestrator.java:57) ~[junit-platform-launcher-1.10.2.jar:1.10.2]
	at org.junit.platform.launcher.core.DefaultLauncher.execute(DefaultLauncher.java:103) ~[junit-platform-launcher-1.10.2.jar:1.10.2]
	at org.junit.platform.launcher.core.DefaultLauncher.execute(DefaultLauncher.java:85) ~[junit-platform-launcher-1.10.2.jar:1.10.2]
	at org.junit.platform.launcher.core.DelegatingLauncher.execute(DelegatingLauncher.java:47) ~[junit-platform-launcher-1.10.2.jar:1.10.2]
	at org.apache.maven.surefire.junitplatform.LazyLauncher.execute(LazyLauncher.java:56) ~[surefire-junit-platform-3.2.5.jar:3.2.5]
	at org.apache.maven.surefire.junitplatform.JUnitPlatformProvider.execute(JUnitPlatformProvider.java:184) ~[surefire-junit-platform-3.2.5.jar:3.2.5]
	at org.apache.maven.surefire.junitplatform.JUnitPlatformProvider.invokeAllTests(JUnitPlatformProvider.java:148) ~[surefire-junit-platform-3.2.5.jar:3.2.5]
	at org.apache.maven.surefire.junitplatform.JUnitPlatformProvider.invoke(JUnitPlatformProvider.java:122) ~[surefire-junit-platform-3.2.5.jar:3.2.5]
	at org.apache.maven.surefire.booter.ForkedBooter.runSuitesInProcess(ForkedBooter.java:385) ~[surefire-booter-3.2.5.jar:3.2.5]
	at org.apache.maven.surefire.booter.ForkedBooter.execute(ForkedBooter.java:162) ~[surefire-booter-3.2.5.jar:3.2.5]
	at org.apache.maven.surefire.booter.ForkedBooter.run(ForkedBooter.java:507) ~[surefire-booter-3.2.5.jar:3.2.5]
	at org.apache.maven.surefire.booter.ForkedBooter.main(ForkedBooter.java:495) ~[surefire-booter-3.2.5.jar:3.2.5]
	Suppressed: java.lang.Exception: #block terminated with an error
		at reactor.core.publisher.BlockingSingleSubscriber.blockingGet(BlockingSingleSubscriber.java:104) ~[reactor-core-3.6.6.jar:3.6.6]
		... 101 common frames omitted
Caused by: io.netty.channel.AbstractChannel$AnnotatedConnectException: finishConnect(..) failed: Connection refused: localhost/127.0.0.1:7000
Caused by: java.net.ConnectException: finishConnect(..) failed: Connection refused
	at io.netty.channel.unix.Errors.newConnectException0(Errors.java:166) ~[netty-transport-native-unix-common-4.1.110.Final.jar:4.1.110.Final]
	at io.netty.channel.unix.Errors.handleConnectErrno(Errors.java:131) ~[netty-transport-native-unix-common-4.1.110.Final.jar:4.1.110.Final]
	at io.netty.channel.unix.Socket.finishConnect(Socket.java:359) ~[netty-transport-native-unix-common-4.1.110.Final.jar:4.1.110.Final]
	at io.netty.channel.epoll.AbstractEpollChannel$AbstractEpollUnsafe.doFinishConnect(AbstractEpollChannel.java:715) ~[netty-transport-classes-epoll-4.1.110.Final.jar:4.1.110.Final]
	at io.netty.channel.epoll.AbstractEpollChannel$AbstractEpollUnsafe.finishConnect(AbstractEpollChannel.java:692) ~[netty-transport-classes-epoll-4.1.110.Final.jar:4.1.110.Final]
	at io.netty.channel.epoll.AbstractEpollChannel$AbstractEpollUnsafe.epollOutReady(AbstractEpollChannel.java:567) ~[netty-transport-classes-epoll-4.1.110.Final.jar:4.1.110.Final]
	at io.netty.channel.epoll.EpollEventLoop.processReady(EpollEventLoop.java:491) ~[netty-transport-classes-epoll-4.1.110.Final.jar:4.1.110.Final]
	at io.netty.channel.epoll.EpollEventLoop.run(EpollEventLoop.java:399) ~[netty-transport-classes-epoll-4.1.110.Final.jar:4.1.110.Final]
	at io.netty.util.concurrent.SingleThreadEventExecutor$4.run(SingleThreadEventExecutor.java:994) ~[netty-common-4.1.110.Final.jar:4.1.110.Final]
	at io.netty.util.internal.ThreadExecutorMap$2.run(ThreadExecutorMap.java:74) ~[netty-common-4.1.110.Final.jar:4.1.110.Final]
	at io.netty.util.concurrent.FastThreadLocalRunnable.run(FastThreadLocalRunnable.java:30) ~[netty-common-4.1.110.Final.jar:4.1.110.Final]
	at java.base/java.lang.Thread.run(Thread.java:1583) ~[na:na]

2025-07-15T00:05:58.586+05:30  WARN 42036 --- [SpringApplicationShutdownHook] o.s.c.support.DefaultLifecycleProcessor  : Failed to stop bean 'reactorResourceFactory'

reactor.core.Exceptions$ReactiveException: java.lang.InterruptedException
	at reactor.core.Exceptions.propagate(Exceptions.java:410) ~[reactor-core-3.6.6.jar:3.6.6]
	at reactor.core.publisher.BlockingSingleSubscriber.blockingGet(BlockingSingleSubscriber.java:96) ~[reactor-core-3.6.6.jar:3.6.6]
	at reactor.core.publisher.Mono.block(Mono.java:1779) ~[reactor-core-3.6.6.jar:3.6.6]
	at org.springframework.http.client.ReactorResourceFactory.stop(ReactorResourceFactory.java:251) ~[spring-web-6.1.8.jar:6.1.8]
	at org.springframework.context.support.DefaultLifecycleProcessor.doStop(DefaultLifecycleProcessor.java:361) ~[spring-context-6.1.8.jar:6.1.8]
	at org.springframework.context.support.DefaultLifecycleProcessor$LifecycleGroup.stop(DefaultLifecycleProcessor.java:487) ~[spring-context-6.1.8.jar:6.1.8]
	at java.base/java.lang.Iterable.forEach(Iterable.java:75) ~[na:na]
	at org.springframework.context.support.DefaultLifecycleProcessor.stopBeans(DefaultLifecycleProcessor.java:317) ~[spring-context-6.1.8.jar:6.1.8]
	at org.springframework.context.support.DefaultLifecycleProcessor.onClose(DefaultLifecycleProcessor.java:218) ~[spring-context-6.1.8.jar:6.1.8]
	at org.springframework.context.support.AbstractApplicationContext.doClose(AbstractApplicationContext.java:1139) ~[spring-context-6.1.8.jar:6.1.8]
	at org.springframework.context.support.AbstractApplicationContext.close(AbstractApplicationContext.java:1093) ~[spring-context-6.1.8.jar:6.1.8]
	at org.springframework.boot.SpringApplicationShutdownHook.closeAndWait(SpringApplicationShutdownHook.java:145) ~[spring-boot-3.3.0.jar:3.3.0]
	at java.base/java.lang.Iterable.forEach(Iterable.java:75) ~[na:na]
	at org.springframework.boot.SpringApplicationShutdownHook.run(SpringApplicationShutdownHook.java:114) ~[spring-boot-3.3.0.jar:3.3.0]
	at java.base/java.lang.Thread.run(Thread.java:1583) ~[na:na]
Caused by: java.lang.InterruptedException: null
	at java.base/java.util.concurrent.locks.AbstractQueuedSynchronizer.acquireSharedInterruptibly(AbstractQueuedSynchronizer.java:1100) ~[na:na]
	at java.base/java.util.concurrent.CountDownLatch.await(CountDownLatch.java:230) ~[na:na]
	at reactor.core.publisher.BlockingSingleSubscriber.blockingGet(BlockingSingleSubscriber.java:91) ~[reactor-core-3.6.6.jar:3.6.6]
	... 13 common frames omitted

2025-07-15T00:05:58.596+05:30  INFO 42036 --- [RedisInstanceCleaner] redis.embedded.AbstractRedisInstance     : Redis exited
